[debug] [2021-05-06T19:28:59.304Z] ----------------------------------------------------------------------
[debug] [2021-05-06T19:28:59.309Z] Command:       C:\Program Files\nodejs\node.exe C:\Users\User\AppData\Roaming\npm\node_modules\firebase-tools\lib\bin\firebase.js emulators:start
[debug] [2021-05-06T19:28:59.310Z] CLI Version:   9.10.0
[debug] [2021-05-06T19:28:59.310Z] Platform:      win32
[debug] [2021-05-06T19:28:59.310Z] Node Version:  v14.15.3
[debug] [2021-05-06T19:28:59.313Z] Time:          Fri May 07 2021 01:28:59 GMT+0600 (Bangladesh Standard Time)
[debug] [2021-05-06T19:28:59.313Z] ----------------------------------------------------------------------
[debug] 
[debug] [2021-05-06T19:28:59.334Z] > command requires scopes: ["email","openid","https://www.googleapis.com/auth/cloudplatformprojects.readonly","https://www.googleapis.com/auth/firebase","https://www.googleapis.com/auth/cloud-platform"]
[debug] [2021-05-06T19:28:59.335Z] > authorizing via signed-in user (lianbadhon@gmail.com)
[info] i  emulators: Starting emulators: functions, hosting {"metadata":{"emulator":{"name":"hub"},"message":"Starting emulators: functions, hosting"}}
[debug] [2021-05-06T19:28:59.401Z] [hub] writing locator at C:\Users\User\AppData\Local\Temp\hub-e-clone-14acd.json
[warn] !  functions: The following emulators are not running, calls to these services from the Functions emulator will affect production: auth, firestore, database, pubsub {"metadata":{"emulator":{"name":"functions"},"message":"The following emulators are not running, calls to these services from the Functions emulator will affect production: \u001b[1mauth, firestore, database, pubsub\u001b[22m"}}
[warn] !  Your requested "node" version "12" doesn't match your global version "14" {"metadata":{"emulator":{"name":"functions"},"message":"Your requested \"node\" version \"12\" doesn't match your global version \"14\""}}
[debug] [2021-05-06T19:28:59.485Z] defaultcredentials: writing to file C:\Users\User\AppData\Roaming\firebase\lianbadhon_gmail_com_application_default_credentials.json
[debug] [2021-05-06T19:28:59.491Z] Setting GAC to C:\Users\User\AppData\Roaming\firebase\lianbadhon_gmail_com_application_default_credentials.json {"metadata":{"emulator":{"name":"functions"},"message":"Setting GAC to C:\\Users\\User\\AppData\\Roaming\\firebase\\lianbadhon_gmail_com_application_default_credentials.json"}}
[debug] [2021-05-06T19:28:59.496Z] > refreshing access token with scopes: []
[debug] [2021-05-06T19:28:59.497Z] >>> HTTP REQUEST POST https://www.googleapis.com/oauth2/v3/token  
 <request body omitted>
[debug] [2021-05-06T19:28:59.743Z] <<< HTTP RESPONSE 200 {"pragma":"no-cache","cache-control":"no-cache, no-store, max-age=0, must-revalidate","expires":"Mon, 01 Jan 1990 00:00:00 GMT","date":"Thu, 06 May 2021 19:28:59 GMT","content-type":"application/json; charset=utf-8","vary":"X-Origin, Referer, Origin,Accept-Encoding","server":"scaffolding on HTTPServer2","x-xss-protection":"0","x-frame-options":"SAMEORIGIN","x-content-type-options":"nosniff","alt-svc":"h3-29=\":443\"; ma=2592000,h3-T051=\":443\"; ma=2592000,h3-Q050=\":443\"; ma=2592000,h3-Q046=\":443\"; ma=2592000,h3-Q043=\":443\"; ma=2592000,quic=\":443\"; ma=2592000; v=\"46,43\"","accept-ranges":"none","transfer-encoding":"chunked"}
[debug] [2021-05-06T19:28:59.823Z] >>> [apiv2][query] GET https://firebase.googleapis.com/v1beta1/projects/e-clone-14acd/adminSdkConfig [none]
[debug] [2021-05-06T19:29:00.525Z] <<< [apiv2][status] GET https://firebase.googleapis.com/v1beta1/projects/e-clone-14acd/adminSdkConfig 200
[debug] [2021-05-06T19:29:00.526Z] <<< [apiv2][body] GET https://firebase.googleapis.com/v1beta1/projects/e-clone-14acd/adminSdkConfig {"projectId":"e-clone-14acd","storageBucket":"e-clone-14acd.appspot.com"}
[debug] [2021-05-06T19:29:00.576Z] >>> [apiv2][query] GET https://firebase.googleapis.com/v1beta1/projects/e-clone-14acd/webApps/-/config [none]
[debug] [2021-05-06T19:29:01.929Z] <<< [apiv2][status] GET https://firebase.googleapis.com/v1beta1/projects/e-clone-14acd/webApps/-/config 200
[debug] [2021-05-06T19:29:01.930Z] <<< [apiv2][body] GET https://firebase.googleapis.com/v1beta1/projects/e-clone-14acd/webApps/-/config {"projectId":"e-clone-14acd","appId":"1:926395773301:web:fbc46c21419e6d13b4633c","storageBucket":"e-clone-14acd.appspot.com","apiKey":"AIzaSyDHI5JaTtUHZ7zmj73PP69VGv3N5rq-4r8","authDomain":"e-clone-14acd.firebaseapp.com","messagingSenderId":"926395773301","measurementId":"G-6SEWHLNJ3C"}
[info] i  hosting: Serving hosting files from: build {"metadata":{"emulator":{"name":"hosting"},"message":"Serving hosting files from: \u001b[1mbuild\u001b[22m"}}
[info] +  hosting: Local server: http://localhost:5000 {"metadata":{"emulator":{"name":"hosting"},"message":"Local server: \u001b[4m\u001b[1mhttp://localhost:5000\u001b[22m\u001b[24m"}}
[info] i  ui: downloading ui-v1.4.2.zip... {"metadata":{"emulator":{"name":"ui"},"message":"downloading ui-v1.4.2.zip..."}}
[debug] [2021-05-06T19:29:02.117Z] >>> [apiv2][query] GET https://storage.googleapis.com/firebase-preview-drop/emulator/ui-v1.4.2.zip 
[debug] [2021-05-06T19:29:02.536Z] <<< [apiv2][status] GET https://storage.googleapis.com/firebase-preview-drop/emulator/ui-v1.4.2.zip 200
[debug] [2021-05-06T19:29:02.536Z] <<< [apiv2][body] GET https://storage.googleapis.com/firebase-preview-drop/emulator/ui-v1.4.2.zip [stream]
[debug] [2021-05-06T19:29:04.728Z] Ignoring unsupported arg: auto_download {"metadata":{"emulator":{"name":"ui"},"message":"Ignoring unsupported arg: auto_download"}}
[debug] [2021-05-06T19:29:04.728Z] Ignoring unsupported arg: port {"metadata":{"emulator":{"name":"ui"},"message":"Ignoring unsupported arg: port"}}
[debug] [2021-05-06T19:29:04.728Z] Starting Emulator UI with command {"binary":"node","args":["C:\\Users\\User\\.cache\\firebase\\emulators\\ui-v1.4.2\\server.bundle.js"],"optionalArgs":[],"joinArgs":false} {"metadata":{"emulator":{"name":"ui"},"message":"Starting Emulator UI with command {\"binary\":\"node\",\"args\":[\"C:\\\\Users\\\\User\\\\.cache\\\\firebase\\\\emulators\\\\ui-v1.4.2\\\\server.bundle.js\"],\"optionalArgs\":[],\"joinArgs\":false}"}}
[info] i  ui: Emulator UI logging to ui-debug.log {"metadata":{"emulator":{"name":"ui"},"message":"Emulator UI logging to \u001b[1mui-debug.log\u001b[22m"}}
[debug] [2021-05-06T19:29:04.909Z] Web / API server started at http://localhost:4000
 {"metadata":{"emulator":{"name":"ui"},"message":"Web / API server started at http://localhost:4000\n"}}
[info] i  functions: Watching "F:\CSS\Amazon_Clone\amazon-clone\functions" for Cloud Functions... {"metadata":{"emulator":{"name":"functions"},"message":"Watching \"F:\\CSS\\Amazon_Clone\\amazon-clone\\functions\" for Cloud Functions..."}}
[debug] [2021-05-06T19:29:05.027Z] [worker-pool] addWorker(~diagnostic~) {"metadata":{"emulator":{"name":"functions"},"message":"[worker-pool] addWorker(~diagnostic~)"}}
[debug] [2021-05-06T19:29:05.027Z] [worker-pool] Adding worker with key ~diagnostic~, total=1 {"metadata":{"emulator":{"name":"functions"},"message":"[worker-pool] Adding worker with key ~diagnostic~, total=1"}}
[debug] [2021-05-06T19:29:05.027Z] [worker-pool] submitWork(triggerId=) {"metadata":{"emulator":{"name":"functions"},"message":"[worker-pool] submitWork(triggerId=)"}}
[debug] [2021-05-06T19:29:05.028Z] [worker-~diagnostic~-b3e02ba5-f028-486c-97c5-1bfc8f62a040]: Assigning socketPath: \\?\pipe\F:\CSS\Amazon_Clone\amazon-clone\functions\9984 {"metadata":{"emulator":{"name":"functions"},"message":"[worker-~diagnostic~-b3e02ba5-f028-486c-97c5-1bfc8f62a040]: Assigning socketPath: \\\\?\\pipe\\F:\\CSS\\Amazon_Clone\\amazon-clone\\functions\\9984"}}
[debug] [2021-05-06T19:29:05.028Z] [worker-~diagnostic~-b3e02ba5-f028-486c-97c5-1bfc8f62a040]: BUSY {"metadata":{"emulator":{"name":"functions"},"message":"[worker-~diagnostic~-b3e02ba5-f028-486c-97c5-1bfc8f62a040]: BUSY"}}
[debug] [2021-05-06T19:29:05.450Z] [runtime-status] [9984] Functions runtime initialized. {"cwd":"F:\\CSS\\Amazon_Clone\\amazon-clone\\functions","node_version":"14.15.3"} {"metadata":{"emulator":{"name":"functions"},"message":"[runtime-status] [9984] Functions runtime initialized. {\"cwd\":\"F:\\\\CSS\\\\Amazon_Clone\\\\amazon-clone\\\\functions\",\"node_version\":\"14.15.3\"}"}}
[debug] [2021-05-06T19:29:05.451Z] [runtime-status] [9984] Disabled runtime features: undefined {"metadata":{"emulator":{"name":"functions"},"message":"[runtime-status] [9984] Disabled runtime features: undefined"}}
[debug] [2021-05-06T19:29:05.456Z] [runtime-status] [9984] Resolved module firebase-admin {"declared":true,"installed":true,"version":"9.7.0","resolution":"F:\\CSS\\Amazon_Clone\\amazon-clone\\functions\\node_modules\\firebase-admin\\lib\\index.js"} {"metadata":{"emulator":{"name":"functions"},"message":"[runtime-status] [9984] Resolved module firebase-admin {\"declared\":true,\"installed\":true,\"version\":\"9.7.0\",\"resolution\":\"F:\\\\CSS\\\\Amazon_Clone\\\\amazon-clone\\\\functions\\\\node_modules\\\\firebase-admin\\\\lib\\\\index.js\"}"}}
[debug] [2021-05-06T19:29:05.458Z] [runtime-status] [9984] Resolved module firebase-functions {"declared":true,"installed":true,"version":"3.13.2","resolution":"F:\\CSS\\Amazon_Clone\\amazon-clone\\functions\\node_modules\\firebase-functions\\lib\\index.js"} {"metadata":{"emulator":{"name":"functions"},"message":"[runtime-status] [9984] Resolved module firebase-functions {\"declared\":true,\"installed\":true,\"version\":\"3.13.2\",\"resolution\":\"F:\\\\CSS\\\\Amazon_Clone\\\\amazon-clone\\\\functions\\\\node_modules\\\\firebase-functions\\\\lib\\\\index.js\"}"}}
[debug] [2021-05-06T19:29:05.461Z] [runtime-status] [9984] Resolved module firebase-functions {"declared":true,"installed":true,"version":"3.13.2","resolution":"F:\\CSS\\Amazon_Clone\\amazon-clone\\functions\\node_modules\\firebase-functions\\lib\\index.js"} {"metadata":{"emulator":{"name":"functions"},"message":"[runtime-status] [9984] Resolved module firebase-functions {\"declared\":true,\"installed\":true,\"version\":\"3.13.2\",\"resolution\":\"F:\\\\CSS\\\\Amazon_Clone\\\\amazon-clone\\\\functions\\\\node_modules\\\\firebase-functions\\\\lib\\\\index.js\"}"}}
[debug] [2021-05-06T19:29:05.463Z] [runtime-status] [9984] Outgoing network have been stubbed. [{"name":"http","status":"mocked"},{"name":"http","status":"mocked"},{"name":"https","status":"mocked"},{"name":"https","status":"mocked"},{"name":"net","status":"mocked"}] {"metadata":{"emulator":{"name":"functions"},"message":"[runtime-status] [9984] Outgoing network have been stubbed. [{\"name\":\"http\",\"status\":\"mocked\"},{\"name\":\"http\",\"status\":\"mocked\"},{\"name\":\"https\",\"status\":\"mocked\"},{\"name\":\"https\",\"status\":\"mocked\"},{\"name\":\"net\",\"status\":\"mocked\"}]"}}
[debug] [2021-05-06T19:29:05.464Z] [runtime-status] [9984] Resolved module firebase-functions {"declared":true,"installed":true,"version":"3.13.2","resolution":"F:\\CSS\\Amazon_Clone\\amazon-clone\\functions\\node_modules\\firebase-functions\\lib\\index.js"} {"metadata":{"emulator":{"name":"functions"},"message":"[runtime-status] [9984] Resolved module firebase-functions {\"declared\":true,\"installed\":true,\"version\":\"3.13.2\",\"resolution\":\"F:\\\\CSS\\\\Amazon_Clone\\\\amazon-clone\\\\functions\\\\node_modules\\\\firebase-functions\\\\lib\\\\index.js\"}"}}
[debug] [2021-05-06T19:29:05.558Z] [runtime-status] [9984] Checked functions.config() {"config":{}} {"metadata":{"emulator":{"name":"functions"},"message":"[runtime-status] [9984] Checked functions.config() {\"config\":{}}"}}
[debug] [2021-05-06T19:29:05.558Z] [runtime-status] [9984] firebase-functions has been stubbed. {"functionsResolution":{"declared":true,"installed":true,"version":"3.13.2","resolution":"F:\\CSS\\Amazon_Clone\\amazon-clone\\functions\\node_modules\\firebase-functions\\lib\\index.js"}} {"metadata":{"emulator":{"name":"functions"},"message":"[runtime-status] [9984] firebase-functions has been stubbed. {\"functionsResolution\":{\"declared\":true,\"installed\":true,\"version\":\"3.13.2\",\"resolution\":\"F:\\\\CSS\\\\Amazon_Clone\\\\amazon-clone\\\\functions\\\\node_modules\\\\firebase-functions\\\\lib\\\\index.js\"}}"}}
[debug] [2021-05-06T19:29:05.559Z] [runtime-status] [9984] Resolved module firebase-functions {"declared":true,"installed":true,"version":"3.13.2","resolution":"F:\\CSS\\Amazon_Clone\\amazon-clone\\functions\\node_modules\\firebase-functions\\lib\\index.js"} {"metadata":{"emulator":{"name":"functions"},"message":"[runtime-status] [9984] Resolved module firebase-functions {\"declared\":true,\"installed\":true,\"version\":\"3.13.2\",\"resolution\":\"F:\\\\CSS\\\\Amazon_Clone\\\\amazon-clone\\\\functions\\\\node_modules\\\\firebase-functions\\\\lib\\\\index.js\"}"}}
[debug] [2021-05-06T19:29:05.561Z] [runtime-status] [9984] Resolved module firebase-admin {"declared":true,"installed":true,"version":"9.7.0","resolution":"F:\\CSS\\Amazon_Clone\\amazon-clone\\functions\\node_modules\\firebase-admin\\lib\\index.js"} {"metadata":{"emulator":{"name":"functions"},"message":"[runtime-status] [9984] Resolved module firebase-admin {\"declared\":true,\"installed\":true,\"version\":\"9.7.0\",\"resolution\":\"F:\\\\CSS\\\\Amazon_Clone\\\\amazon-clone\\\\functions\\\\node_modules\\\\firebase-admin\\\\lib\\\\index.js\"}"}}
[debug] [2021-05-06T19:29:05.562Z] [runtime-status] [9984] Resolved module firebase-functions {"declared":true,"installed":true,"version":"3.13.2","resolution":"F:\\CSS\\Amazon_Clone\\amazon-clone\\functions\\node_modules\\firebase-functions\\lib\\index.js"} {"metadata":{"emulator":{"name":"functions"},"message":"[runtime-status] [9984] Resolved module firebase-functions {\"declared\":true,\"installed\":true,\"version\":\"3.13.2\",\"resolution\":\"F:\\\\CSS\\\\Amazon_Clone\\\\amazon-clone\\\\functions\\\\node_modules\\\\firebase-functions\\\\lib\\\\index.js\"}"}}
[debug] [2021-05-06T19:29:05.563Z] [runtime-status] [9984] firebase-admin has been stubbed. {"adminResolution":{"declared":true,"installed":true,"version":"9.7.0","resolution":"F:\\CSS\\Amazon_Clone\\amazon-clone\\functions\\node_modules\\firebase-admin\\lib\\index.js"}} {"metadata":{"emulator":{"name":"functions"},"message":"[runtime-status] [9984] firebase-admin has been stubbed. {\"adminResolution\":{\"declared\":true,\"installed\":true,\"version\":\"9.7.0\",\"resolution\":\"F:\\\\CSS\\\\Amazon_Clone\\\\amazon-clone\\\\functions\\\\node_modules\\\\firebase-admin\\\\lib\\\\index.js\"}}"}}
[info] +  functions[api]: http function initialized (http://localhost:5001/e-clone-14acd/us-central1/api). {"metadata":{"emulator":{"name":"functions"},"message":"\u001b[1mhttp\u001b[22m function initialized (http://localhost:5001/e-clone-14acd/us-central1/api)."}}
[info] 
┌─────────────────────────────────────────────────────────────┐
│ ✔  All emulators ready! It is now safe to connect your app. │
│ i  View Emulator UI at http://localhost:4000                │
└─────────────────────────────────────────────────────────────┘

┌───────────┬────────────────┬─────────────────────────────────┐
│ Emulator  │ Host:Port      │ View in Emulator UI             │
├───────────┼────────────────┼─────────────────────────────────┤
│ Functions │ localhost:5001 │ http://localhost:4000/functions │
├───────────┼────────────────┼─────────────────────────────────┤
│ Hosting   │ localhost:5000 │ n/a                             │
└───────────┴────────────────┴─────────────────────────────────┘
  Emulator Hub running at localhost:4400
  Other reserved ports: 4500

Issues? Report them at https://github.com/firebase/firebase-tools/issues and attach the *-debug.log files.
 
[debug] [2021-05-06T19:29:05.890Z] [worker-~diagnostic~-b3e02ba5-f028-486c-97c5-1bfc8f62a040]: IDLE {"metadata":{"emulator":{"name":"functions"},"message":"[worker-~diagnostic~-b3e02ba5-f028-486c-97c5-1bfc8f62a040]: IDLE"}}
[debug] [2021-05-06T19:31:43.527Z] [work-queue] {"queueLength":1,"workRunningCount":0}
[debug] [2021-05-06T19:31:43.527Z] [work-queue] {"queueLength":0,"workRunningCount":1}
[debug] [2021-05-06T19:31:43.528Z] Accepted request GET /e-clone-14acd/us-central1/api --> api
[debug] [2021-05-06T19:31:43.537Z] [worker-pool] addWorker(api) {"metadata":{"emulator":{"name":"functions"},"message":"[worker-pool] addWorker(api)"}}
[debug] [2021-05-06T19:31:43.538Z] [worker-pool] Adding worker with key api, total=1 {"metadata":{"emulator":{"name":"functions"},"message":"[worker-pool] Adding worker with key api, total=1"}}
[debug] [2021-05-06T19:31:43.538Z] [worker-pool] submitWork(triggerId=api) {"metadata":{"emulator":{"name":"functions"},"message":"[worker-pool] submitWork(triggerId=api)"}}
[debug] [2021-05-06T19:31:43.538Z] [worker-api-42052142-9ca2-404f-bbbd-6905d58b9bfb]: Assigning socketPath: \\?\pipe\F:\CSS\Amazon_Clone\amazon-clone\functions\1584 {"metadata":{"emulator":{"name":"functions"},"message":"[worker-api-42052142-9ca2-404f-bbbd-6905d58b9bfb]: Assigning socketPath: \\\\?\\pipe\\F:\\CSS\\Amazon_Clone\\amazon-clone\\functions\\1584"}}
[debug] [2021-05-06T19:31:43.538Z] [worker-api-42052142-9ca2-404f-bbbd-6905d58b9bfb]: BUSY {"metadata":{"emulator":{"name":"functions"},"message":"[worker-api-42052142-9ca2-404f-bbbd-6905d58b9bfb]: BUSY"}}
[debug] [2021-05-06T19:31:43.945Z] [runtime-status] [1584] Functions runtime initialized. {"cwd":"F:\\CSS\\Amazon_Clone\\amazon-clone\\functions","node_version":"14.15.3"} {"metadata":{"emulator":{"name":"functions"},"function":{"name":"api"},"message":"[runtime-status] [1584] Functions runtime initialized. {\"cwd\":\"F:\\\\CSS\\\\Amazon_Clone\\\\amazon-clone\\\\functions\",\"node_version\":\"14.15.3\"}"}}
[debug] [2021-05-06T19:31:43.947Z] [runtime-status] [1584] Disabled runtime features: undefined {"metadata":{"emulator":{"name":"functions"},"function":{"name":"api"},"message":"[runtime-status] [1584] Disabled runtime features: undefined"}}
[debug] [2021-05-06T19:31:43.952Z] [runtime-status] [1584] Resolved module firebase-admin {"declared":true,"installed":true,"version":"9.7.0","resolution":"F:\\CSS\\Amazon_Clone\\amazon-clone\\functions\\node_modules\\firebase-admin\\lib\\index.js"} {"metadata":{"emulator":{"name":"functions"},"function":{"name":"api"},"message":"[runtime-status] [1584] Resolved module firebase-admin {\"declared\":true,\"installed\":true,\"version\":\"9.7.0\",\"resolution\":\"F:\\\\CSS\\\\Amazon_Clone\\\\amazon-clone\\\\functions\\\\node_modules\\\\firebase-admin\\\\lib\\\\index.js\"}"}}
[debug] [2021-05-06T19:31:43.954Z] [runtime-status] [1584] Resolved module firebase-functions {"declared":true,"installed":true,"version":"3.13.2","resolution":"F:\\CSS\\Amazon_Clone\\amazon-clone\\functions\\node_modules\\firebase-functions\\lib\\index.js"} {"metadata":{"emulator":{"name":"functions"},"function":{"name":"api"},"message":"[runtime-status] [1584] Resolved module firebase-functions {\"declared\":true,\"installed\":true,\"version\":\"3.13.2\",\"resolution\":\"F:\\\\CSS\\\\Amazon_Clone\\\\amazon-clone\\\\functions\\\\node_modules\\\\firebase-functions\\\\lib\\\\index.js\"}"}}
[debug] [2021-05-06T19:31:43.956Z] [runtime-status] [1584] Resolved module firebase-functions {"declared":true,"installed":true,"version":"3.13.2","resolution":"F:\\CSS\\Amazon_Clone\\amazon-clone\\functions\\node_modules\\firebase-functions\\lib\\index.js"} {"metadata":{"emulator":{"name":"functions"},"function":{"name":"api"},"message":"[runtime-status] [1584] Resolved module firebase-functions {\"declared\":true,\"installed\":true,\"version\":\"3.13.2\",\"resolution\":\"F:\\\\CSS\\\\Amazon_Clone\\\\amazon-clone\\\\functions\\\\node_modules\\\\firebase-functions\\\\lib\\\\index.js\"}"}}
[debug] [2021-05-06T19:31:43.958Z] [runtime-status] [1584] Outgoing network have been stubbed. [{"name":"http","status":"mocked"},{"name":"http","status":"mocked"},{"name":"https","status":"mocked"},{"name":"https","status":"mocked"},{"name":"net","status":"mocked"}] {"metadata":{"emulator":{"name":"functions"},"function":{"name":"api"},"message":"[runtime-status] [1584] Outgoing network have been stubbed. [{\"name\":\"http\",\"status\":\"mocked\"},{\"name\":\"http\",\"status\":\"mocked\"},{\"name\":\"https\",\"status\":\"mocked\"},{\"name\":\"https\",\"status\":\"mocked\"},{\"name\":\"net\",\"status\":\"mocked\"}]"}}
[debug] [2021-05-06T19:31:43.959Z] [runtime-status] [1584] Resolved module firebase-functions {"declared":true,"installed":true,"version":"3.13.2","resolution":"F:\\CSS\\Amazon_Clone\\amazon-clone\\functions\\node_modules\\firebase-functions\\lib\\index.js"} {"metadata":{"emulator":{"name":"functions"},"function":{"name":"api"},"message":"[runtime-status] [1584] Resolved module firebase-functions {\"declared\":true,\"installed\":true,\"version\":\"3.13.2\",\"resolution\":\"F:\\\\CSS\\\\Amazon_Clone\\\\amazon-clone\\\\functions\\\\node_modules\\\\firebase-functions\\\\lib\\\\index.js\"}"}}
[debug] [2021-05-06T19:31:44.035Z] [runtime-status] [1584] Checked functions.config() {"config":{}} {"metadata":{"emulator":{"name":"functions"},"function":{"name":"api"},"message":"[runtime-status] [1584] Checked functions.config() {\"config\":{}}"}}
[debug] [2021-05-06T19:31:44.035Z] [runtime-status] [1584] firebase-functions has been stubbed. {"functionsResolution":{"declared":true,"installed":true,"version":"3.13.2","resolution":"F:\\CSS\\Amazon_Clone\\amazon-clone\\functions\\node_modules\\firebase-functions\\lib\\index.js"}} {"metadata":{"emulator":{"name":"functions"},"function":{"name":"api"},"message":"[runtime-status] [1584] firebase-functions has been stubbed. {\"functionsResolution\":{\"declared\":true,\"installed\":true,\"version\":\"3.13.2\",\"resolution\":\"F:\\\\CSS\\\\Amazon_Clone\\\\amazon-clone\\\\functions\\\\node_modules\\\\firebase-functions\\\\lib\\\\index.js\"}}"}}
[debug] [2021-05-06T19:31:44.036Z] [runtime-status] [1584] Resolved module firebase-functions {"declared":true,"installed":true,"version":"3.13.2","resolution":"F:\\CSS\\Amazon_Clone\\amazon-clone\\functions\\node_modules\\firebase-functions\\lib\\index.js"} {"metadata":{"emulator":{"name":"functions"},"function":{"name":"api"},"message":"[runtime-status] [1584] Resolved module firebase-functions {\"declared\":true,\"installed\":true,\"version\":\"3.13.2\",\"resolution\":\"F:\\\\CSS\\\\Amazon_Clone\\\\amazon-clone\\\\functions\\\\node_modules\\\\firebase-functions\\\\lib\\\\index.js\"}"}}
[debug] [2021-05-06T19:31:44.037Z] [runtime-status] [1584] Resolved module firebase-admin {"declared":true,"installed":true,"version":"9.7.0","resolution":"F:\\CSS\\Amazon_Clone\\amazon-clone\\functions\\node_modules\\firebase-admin\\lib\\index.js"} {"metadata":{"emulator":{"name":"functions"},"function":{"name":"api"},"message":"[runtime-status] [1584] Resolved module firebase-admin {\"declared\":true,\"installed\":true,\"version\":\"9.7.0\",\"resolution\":\"F:\\\\CSS\\\\Amazon_Clone\\\\amazon-clone\\\\functions\\\\node_modules\\\\firebase-admin\\\\lib\\\\index.js\"}"}}
[debug] [2021-05-06T19:31:44.038Z] [runtime-status] [1584] Resolved module firebase-functions {"declared":true,"installed":true,"version":"3.13.2","resolution":"F:\\CSS\\Amazon_Clone\\amazon-clone\\functions\\node_modules\\firebase-functions\\lib\\index.js"} {"metadata":{"emulator":{"name":"functions"},"function":{"name":"api"},"message":"[runtime-status] [1584] Resolved module firebase-functions {\"declared\":true,\"installed\":true,\"version\":\"3.13.2\",\"resolution\":\"F:\\\\CSS\\\\Amazon_Clone\\\\amazon-clone\\\\functions\\\\node_modules\\\\firebase-functions\\\\lib\\\\index.js\"}"}}
[debug] [2021-05-06T19:31:44.038Z] [runtime-status] [1584] firebase-admin has been stubbed. {"adminResolution":{"declared":true,"installed":true,"version":"9.7.0","resolution":"F:\\CSS\\Amazon_Clone\\amazon-clone\\functions\\node_modules\\firebase-admin\\lib\\index.js"}} {"metadata":{"emulator":{"name":"functions"},"function":{"name":"api"},"message":"[runtime-status] [1584] firebase-admin has been stubbed. {\"adminResolution\":{\"declared\":true,\"installed\":true,\"version\":\"9.7.0\",\"resolution\":\"F:\\\\CSS\\\\Amazon_Clone\\\\amazon-clone\\\\functions\\\\node_modules\\\\firebase-admin\\\\lib\\\\index.js\"}}"}}
[debug] [2021-05-06T19:31:44.293Z] [runtime-status] [1584] Trigger "api" has been found, beginning invocation! {"metadata":{"emulator":{"name":"functions"},"function":{"name":"api"},"message":"[runtime-status] [1584] Trigger \"api\" has been found, beginning invocation!"}}
[info] i  functions: Beginning execution of "api" {"metadata":{"emulator":{"name":"functions"},"function":{"name":"api"},"message":"Beginning execution of \"api\""}}
[debug] [2021-05-06T19:31:44.296Z] [runtime-status] [1584] triggerDefinition {"httpsTrigger":{},"name":"api","entryPoint":"api"} {"metadata":{"emulator":{"name":"functions"},"function":{"name":"api"},"message":"[runtime-status] [1584] triggerDefinition {\"httpsTrigger\":{},\"name\":\"api\",\"entryPoint\":\"api\"}"}}
[debug] [2021-05-06T19:31:44.296Z] [runtime-status] [1584] Running api in mode HTTPS {"metadata":{"emulator":{"name":"functions"},"function":{"name":"api"},"message":"[runtime-status] [1584] Running api in mode HTTPS"}}
[debug] [2021-05-06T19:31:44.299Z] [runtime-status] [1584] Attempting to listen to socketPath: \\?\pipe\F:\CSS\Amazon_Clone\amazon-clone\functions\1584 {"metadata":{"emulator":{"name":"functions"},"function":{"name":"api"},"message":"[runtime-status] [1584] Attempting to listen to socketPath: \\\\?\\pipe\\F:\\CSS\\Amazon_Clone\\amazon-clone\\functions\\1584"}}
[debug] [2021-05-06T19:31:44.303Z] [functions] Runtime ready! Sending request! {"metadata":{"emulator":{"name":"functions"},"message":"[functions] Runtime ready! Sending request!"}}
[debug] [2021-05-06T19:31:44.305Z] [functions] Got req.url=/e-clone-14acd/us-central1/api, mapping to path=/ {"metadata":{"emulator":{"name":"functions"},"message":"[functions] Got req.url=/e-clone-14acd/us-central1/api, mapping to path=/"}}
[debug] [2021-05-06T19:31:44.316Z] [runtime-status] [1584] Ephemeral server handling GET request {"metadata":{"emulator":{"name":"functions"},"function":{"name":"api"},"message":"[runtime-status] [1584] Ephemeral server handling GET request"}}
[debug] [2021-05-06T19:31:44.322Z] [runtime-status] [1584] Ephemeral server survived. {"metadata":{"emulator":{"name":"functions"},"function":{"name":"api"},"message":"[runtime-status] [1584] Ephemeral server survived."}}
[info] i  functions: Finished "api" in ~1s {"metadata":{"emulator":{"name":"functions"},"function":{"name":"api"},"message":"Finished \"api\" in ~1s"}}
[debug] [2021-05-06T19:31:44.326Z] [worker-api-42052142-9ca2-404f-bbbd-6905d58b9bfb]: IDLE {"metadata":{"emulator":{"name":"functions"},"message":"[worker-api-42052142-9ca2-404f-bbbd-6905d58b9bfb]: IDLE"}}
[debug] [2021-05-06T19:31:44.326Z] [work-queue] {"queueLength":0,"workRunningCount":0}
[debug] [2021-05-06T19:31:44.430Z] Functions emulator received unknown request at path /favicon.ico
[debug] [2021-05-06T19:36:46.692Z] File F:\CSS\Amazon_Clone\amazon-clone\functions\index.js changed, reloading triggers {"metadata":{"emulator":{"name":"functions"},"message":"File F:\\CSS\\Amazon_Clone\\amazon-clone\\functions\\index.js changed, reloading triggers"}}
[debug] [2021-05-06T19:36:47.694Z] [worker-pool] Shutting down IDLE worker (~diagnostic~) {"metadata":{"emulator":{"name":"functions"},"message":"[worker-pool] Shutting down IDLE worker (~diagnostic~)"}}
[debug] [2021-05-06T19:36:47.694Z] [worker-~diagnostic~-b3e02ba5-f028-486c-97c5-1bfc8f62a040]: FINISHING {"metadata":{"emulator":{"name":"functions"},"message":"[worker-~diagnostic~-b3e02ba5-f028-486c-97c5-1bfc8f62a040]: FINISHING"}}
[debug] [2021-05-06T19:36:47.695Z] [worker-pool] Shutting down IDLE worker (api) {"metadata":{"emulator":{"name":"functions"},"message":"[worker-pool] Shutting down IDLE worker (api)"}}
[debug] [2021-05-06T19:36:47.695Z] [worker-api-42052142-9ca2-404f-bbbd-6905d58b9bfb]: FINISHING {"metadata":{"emulator":{"name":"functions"},"message":"[worker-api-42052142-9ca2-404f-bbbd-6905d58b9bfb]: FINISHING"}}
[debug] [2021-05-06T19:36:47.704Z] [worker-pool] addWorker(~diagnostic~) {"metadata":{"emulator":{"name":"functions"},"message":"[worker-pool] addWorker(~diagnostic~)"}}
[debug] [2021-05-06T19:36:47.704Z] [worker-pool] Adding worker with key ~diagnostic~, total=2 {"metadata":{"emulator":{"name":"functions"},"message":"[worker-pool] Adding worker with key ~diagnostic~, total=2"}}
[debug] [2021-05-06T19:36:47.704Z] [worker-pool] submitWork(triggerId=) {"metadata":{"emulator":{"name":"functions"},"message":"[worker-pool] submitWork(triggerId=)"}}
[debug] [2021-05-06T19:36:47.704Z] [worker-~diagnostic~-a5277260-fd11-4858-ba3f-c3c5d90e6262]: Assigning socketPath: \\?\pipe\F:\CSS\Amazon_Clone\amazon-clone\functions\12924 {"metadata":{"emulator":{"name":"functions"},"message":"[worker-~diagnostic~-a5277260-fd11-4858-ba3f-c3c5d90e6262]: Assigning socketPath: \\\\?\\pipe\\F:\\CSS\\Amazon_Clone\\amazon-clone\\functions\\12924"}}
[debug] [2021-05-06T19:36:47.704Z] [worker-~diagnostic~-a5277260-fd11-4858-ba3f-c3c5d90e6262]: BUSY {"metadata":{"emulator":{"name":"functions"},"message":"[worker-~diagnostic~-a5277260-fd11-4858-ba3f-c3c5d90e6262]: BUSY"}}
[debug] [2021-05-06T19:36:47.706Z] [worker-~diagnostic~-b3e02ba5-f028-486c-97c5-1bfc8f62a040]: exited {"metadata":{"emulator":{"name":"functions"},"message":"[worker-~diagnostic~-b3e02ba5-f028-486c-97c5-1bfc8f62a040]: exited"}}
[debug] [2021-05-06T19:36:47.706Z] [worker-~diagnostic~-b3e02ba5-f028-486c-97c5-1bfc8f62a040]: FINISHED {"metadata":{"emulator":{"name":"functions"},"message":"[worker-~diagnostic~-b3e02ba5-f028-486c-97c5-1bfc8f62a040]: FINISHED"}}
[debug] [2021-05-06T19:36:47.706Z] [worker-api-42052142-9ca2-404f-bbbd-6905d58b9bfb]: exited {"metadata":{"emulator":{"name":"functions"},"message":"[worker-api-42052142-9ca2-404f-bbbd-6905d58b9bfb]: exited"}}
[debug] [2021-05-06T19:36:47.706Z] [worker-api-42052142-9ca2-404f-bbbd-6905d58b9bfb]: FINISHED {"metadata":{"emulator":{"name":"functions"},"message":"[worker-api-42052142-9ca2-404f-bbbd-6905d58b9bfb]: FINISHED"}}
[debug] [2021-05-06T19:36:48.052Z] [runtime-status] [12924] Functions runtime initialized. {"cwd":"F:\\CSS\\Amazon_Clone\\amazon-clone\\functions","node_version":"14.15.3"} {"metadata":{"emulator":{"name":"functions"},"message":"[runtime-status] [12924] Functions runtime initialized. {\"cwd\":\"F:\\\\CSS\\\\Amazon_Clone\\\\amazon-clone\\\\functions\",\"node_version\":\"14.15.3\"}"}}
[debug] [2021-05-06T19:36:48.054Z] [runtime-status] [12924] Disabled runtime features: undefined {"metadata":{"emulator":{"name":"functions"},"message":"[runtime-status] [12924] Disabled runtime features: undefined"}}
[debug] [2021-05-06T19:36:48.058Z] [runtime-status] [12924] Resolved module firebase-admin {"declared":true,"installed":true,"version":"9.7.0","resolution":"F:\\CSS\\Amazon_Clone\\amazon-clone\\functions\\node_modules\\firebase-admin\\lib\\index.js"} {"metadata":{"emulator":{"name":"functions"},"message":"[runtime-status] [12924] Resolved module firebase-admin {\"declared\":true,\"installed\":true,\"version\":\"9.7.0\",\"resolution\":\"F:\\\\CSS\\\\Amazon_Clone\\\\amazon-clone\\\\functions\\\\node_modules\\\\firebase-admin\\\\lib\\\\index.js\"}"}}
[debug] [2021-05-06T19:36:48.060Z] [runtime-status] [12924] Resolved module firebase-functions {"declared":true,"installed":true,"version":"3.13.2","resolution":"F:\\CSS\\Amazon_Clone\\amazon-clone\\functions\\node_modules\\firebase-functions\\lib\\index.js"} {"metadata":{"emulator":{"name":"functions"},"message":"[runtime-status] [12924] Resolved module firebase-functions {\"declared\":true,\"installed\":true,\"version\":\"3.13.2\",\"resolution\":\"F:\\\\CSS\\\\Amazon_Clone\\\\amazon-clone\\\\functions\\\\node_modules\\\\firebase-functions\\\\lib\\\\index.js\"}"}}
[debug] [2021-05-06T19:36:48.062Z] [runtime-status] [12924] Resolved module firebase-functions {"declared":true,"installed":true,"version":"3.13.2","resolution":"F:\\CSS\\Amazon_Clone\\amazon-clone\\functions\\node_modules\\firebase-functions\\lib\\index.js"} {"metadata":{"emulator":{"name":"functions"},"message":"[runtime-status] [12924] Resolved module firebase-functions {\"declared\":true,\"installed\":true,\"version\":\"3.13.2\",\"resolution\":\"F:\\\\CSS\\\\Amazon_Clone\\\\amazon-clone\\\\functions\\\\node_modules\\\\firebase-functions\\\\lib\\\\index.js\"}"}}
[debug] [2021-05-06T19:36:48.064Z] [runtime-status] [12924] Outgoing network have been stubbed. [{"name":"http","status":"mocked"},{"name":"http","status":"mocked"},{"name":"https","status":"mocked"},{"name":"https","status":"mocked"},{"name":"net","status":"mocked"}] {"metadata":{"emulator":{"name":"functions"},"message":"[runtime-status] [12924] Outgoing network have been stubbed. [{\"name\":\"http\",\"status\":\"mocked\"},{\"name\":\"http\",\"status\":\"mocked\"},{\"name\":\"https\",\"status\":\"mocked\"},{\"name\":\"https\",\"status\":\"mocked\"},{\"name\":\"net\",\"status\":\"mocked\"}]"}}
[debug] [2021-05-06T19:36:48.065Z] [runtime-status] [12924] Resolved module firebase-functions {"declared":true,"installed":true,"version":"3.13.2","resolution":"F:\\CSS\\Amazon_Clone\\amazon-clone\\functions\\node_modules\\firebase-functions\\lib\\index.js"} {"metadata":{"emulator":{"name":"functions"},"message":"[runtime-status] [12924] Resolved module firebase-functions {\"declared\":true,\"installed\":true,\"version\":\"3.13.2\",\"resolution\":\"F:\\\\CSS\\\\Amazon_Clone\\\\amazon-clone\\\\functions\\\\node_modules\\\\firebase-functions\\\\lib\\\\index.js\"}"}}
[debug] [2021-05-06T19:36:48.142Z] [runtime-status] [12924] Checked functions.config() {"config":{}} {"metadata":{"emulator":{"name":"functions"},"message":"[runtime-status] [12924] Checked functions.config() {\"config\":{}}"}}
[debug] [2021-05-06T19:36:48.143Z] [runtime-status] [12924] firebase-functions has been stubbed. {"functionsResolution":{"declared":true,"installed":true,"version":"3.13.2","resolution":"F:\\CSS\\Amazon_Clone\\amazon-clone\\functions\\node_modules\\firebase-functions\\lib\\index.js"}} {"metadata":{"emulator":{"name":"functions"},"message":"[runtime-status] [12924] firebase-functions has been stubbed. {\"functionsResolution\":{\"declared\":true,\"installed\":true,\"version\":\"3.13.2\",\"resolution\":\"F:\\\\CSS\\\\Amazon_Clone\\\\amazon-clone\\\\functions\\\\node_modules\\\\firebase-functions\\\\lib\\\\index.js\"}}"}}
[debug] [2021-05-06T19:36:48.144Z] [runtime-status] [12924] Resolved module firebase-functions {"declared":true,"installed":true,"version":"3.13.2","resolution":"F:\\CSS\\Amazon_Clone\\amazon-clone\\functions\\node_modules\\firebase-functions\\lib\\index.js"} {"metadata":{"emulator":{"name":"functions"},"message":"[runtime-status] [12924] Resolved module firebase-functions {\"declared\":true,\"installed\":true,\"version\":\"3.13.2\",\"resolution\":\"F:\\\\CSS\\\\Amazon_Clone\\\\amazon-clone\\\\functions\\\\node_modules\\\\firebase-functions\\\\lib\\\\index.js\"}"}}
[debug] [2021-05-06T19:36:48.148Z] [runtime-status] [12924] Resolved module firebase-admin {"declared":true,"installed":true,"version":"9.7.0","resolution":"F:\\CSS\\Amazon_Clone\\amazon-clone\\functions\\node_modules\\firebase-admin\\lib\\index.js"} {"metadata":{"emulator":{"name":"functions"},"message":"[runtime-status] [12924] Resolved module firebase-admin {\"declared\":true,\"installed\":true,\"version\":\"9.7.0\",\"resolution\":\"F:\\\\CSS\\\\Amazon_Clone\\\\amazon-clone\\\\functions\\\\node_modules\\\\firebase-admin\\\\lib\\\\index.js\"}"}}
[debug] [2021-05-06T19:36:48.149Z] [runtime-status] [12924] Resolved module firebase-functions {"declared":true,"installed":true,"version":"3.13.2","resolution":"F:\\CSS\\Amazon_Clone\\amazon-clone\\functions\\node_modules\\firebase-functions\\lib\\index.js"} {"metadata":{"emulator":{"name":"functions"},"message":"[runtime-status] [12924] Resolved module firebase-functions {\"declared\":true,\"installed\":true,\"version\":\"3.13.2\",\"resolution\":\"F:\\\\CSS\\\\Amazon_Clone\\\\amazon-clone\\\\functions\\\\node_modules\\\\firebase-functions\\\\lib\\\\index.js\"}"}}
[debug] [2021-05-06T19:36:48.150Z] [runtime-status] [12924] firebase-admin has been stubbed. {"adminResolution":{"declared":true,"installed":true,"version":"9.7.0","resolution":"F:\\CSS\\Amazon_Clone\\amazon-clone\\functions\\node_modules\\firebase-admin\\lib\\index.js"}} {"metadata":{"emulator":{"name":"functions"},"message":"[runtime-status] [12924] firebase-admin has been stubbed. {\"adminResolution\":{\"declared\":true,\"installed\":true,\"version\":\"9.7.0\",\"resolution\":\"F:\\\\CSS\\\\Amazon_Clone\\\\amazon-clone\\\\functions\\\\node_modules\\\\firebase-admin\\\\lib\\\\index.js\"}}"}}
[debug] [2021-05-06T19:36:48.383Z] [worker-~diagnostic~-a5277260-fd11-4858-ba3f-c3c5d90e6262]: IDLE {"metadata":{"emulator":{"name":"functions"},"message":"[worker-~diagnostic~-a5277260-fd11-4858-ba3f-c3c5d90e6262]: IDLE"}}
[debug] [2021-05-06T19:41:00.269Z] File F:\CSS\Amazon_Clone\amazon-clone\functions\index.js changed, reloading triggers {"metadata":{"emulator":{"name":"functions"},"message":"File F:\\CSS\\Amazon_Clone\\amazon-clone\\functions\\index.js changed, reloading triggers"}}
[debug] [2021-05-06T19:41:01.274Z] [worker-pool] Shutting down IDLE worker (~diagnostic~) {"metadata":{"emulator":{"name":"functions"},"message":"[worker-pool] Shutting down IDLE worker (~diagnostic~)"}}
[debug] [2021-05-06T19:41:01.275Z] [worker-~diagnostic~-a5277260-fd11-4858-ba3f-c3c5d90e6262]: FINISHING {"metadata":{"emulator":{"name":"functions"},"message":"[worker-~diagnostic~-a5277260-fd11-4858-ba3f-c3c5d90e6262]: FINISHING"}}
[debug] [2021-05-06T19:41:01.275Z] [worker-pool] Cleaned up workers for ~diagnostic~: 2 --> 1 {"metadata":{"emulator":{"name":"functions"},"message":"[worker-pool] Cleaned up workers for ~diagnostic~: 2 --> 1"}}
[debug] [2021-05-06T19:41:01.275Z] [worker-pool] Cleaned up workers for api: 1 --> 0 {"metadata":{"emulator":{"name":"functions"},"message":"[worker-pool] Cleaned up workers for api: 1 --> 0"}}
[debug] [2021-05-06T19:41:01.286Z] [worker-pool] addWorker(~diagnostic~) {"metadata":{"emulator":{"name":"functions"},"message":"[worker-pool] addWorker(~diagnostic~)"}}
[debug] [2021-05-06T19:41:01.287Z] [worker-pool] Adding worker with key ~diagnostic~, total=2 {"metadata":{"emulator":{"name":"functions"},"message":"[worker-pool] Adding worker with key ~diagnostic~, total=2"}}
[debug] [2021-05-06T19:41:01.288Z] [worker-pool] submitWork(triggerId=) {"metadata":{"emulator":{"name":"functions"},"message":"[worker-pool] submitWork(triggerId=)"}}
[debug] [2021-05-06T19:41:01.289Z] [worker-~diagnostic~-cfea1a6d-96c8-41b9-83e0-e49568d91108]: Assigning socketPath: \\?\pipe\F:\CSS\Amazon_Clone\amazon-clone\functions\14428 {"metadata":{"emulator":{"name":"functions"},"message":"[worker-~diagnostic~-cfea1a6d-96c8-41b9-83e0-e49568d91108]: Assigning socketPath: \\\\?\\pipe\\F:\\CSS\\Amazon_Clone\\amazon-clone\\functions\\14428"}}
[debug] [2021-05-06T19:41:01.289Z] [worker-~diagnostic~-cfea1a6d-96c8-41b9-83e0-e49568d91108]: BUSY {"metadata":{"emulator":{"name":"functions"},"message":"[worker-~diagnostic~-cfea1a6d-96c8-41b9-83e0-e49568d91108]: BUSY"}}
[debug] [2021-05-06T19:41:01.296Z] [worker-~diagnostic~-a5277260-fd11-4858-ba3f-c3c5d90e6262]: exited {"metadata":{"emulator":{"name":"functions"},"message":"[worker-~diagnostic~-a5277260-fd11-4858-ba3f-c3c5d90e6262]: exited"}}
[debug] [2021-05-06T19:41:01.296Z] [worker-~diagnostic~-a5277260-fd11-4858-ba3f-c3c5d90e6262]: FINISHED {"metadata":{"emulator":{"name":"functions"},"message":"[worker-~diagnostic~-a5277260-fd11-4858-ba3f-c3c5d90e6262]: FINISHED"}}
[debug] [2021-05-06T19:41:01.706Z] [runtime-status] [14428] Functions runtime initialized. {"cwd":"F:\\CSS\\Amazon_Clone\\amazon-clone\\functions","node_version":"14.15.3"} {"metadata":{"emulator":{"name":"functions"},"message":"[runtime-status] [14428] Functions runtime initialized. {\"cwd\":\"F:\\\\CSS\\\\Amazon_Clone\\\\amazon-clone\\\\functions\",\"node_version\":\"14.15.3\"}"}}
[debug] [2021-05-06T19:41:01.708Z] [runtime-status] [14428] Disabled runtime features: undefined {"metadata":{"emulator":{"name":"functions"},"message":"[runtime-status] [14428] Disabled runtime features: undefined"}}
[debug] [2021-05-06T19:41:01.712Z] [runtime-status] [14428] Resolved module firebase-admin {"declared":true,"installed":true,"version":"9.7.0","resolution":"F:\\CSS\\Amazon_Clone\\amazon-clone\\functions\\node_modules\\firebase-admin\\lib\\index.js"} {"metadata":{"emulator":{"name":"functions"},"message":"[runtime-status] [14428] Resolved module firebase-admin {\"declared\":true,\"installed\":true,\"version\":\"9.7.0\",\"resolution\":\"F:\\\\CSS\\\\Amazon_Clone\\\\amazon-clone\\\\functions\\\\node_modules\\\\firebase-admin\\\\lib\\\\index.js\"}"}}
[debug] [2021-05-06T19:41:01.716Z] [runtime-status] [14428] Resolved module firebase-functions {"declared":true,"installed":true,"version":"3.13.2","resolution":"F:\\CSS\\Amazon_Clone\\amazon-clone\\functions\\node_modules\\firebase-functions\\lib\\index.js"} {"metadata":{"emulator":{"name":"functions"},"message":"[runtime-status] [14428] Resolved module firebase-functions {\"declared\":true,\"installed\":true,\"version\":\"3.13.2\",\"resolution\":\"F:\\\\CSS\\\\Amazon_Clone\\\\amazon-clone\\\\functions\\\\node_modules\\\\firebase-functions\\\\lib\\\\index.js\"}"}}
[debug] [2021-05-06T19:41:01.720Z] [runtime-status] [14428] Resolved module firebase-functions {"declared":true,"installed":true,"version":"3.13.2","resolution":"F:\\CSS\\Amazon_Clone\\amazon-clone\\functions\\node_modules\\firebase-functions\\lib\\index.js"} {"metadata":{"emulator":{"name":"functions"},"message":"[runtime-status] [14428] Resolved module firebase-functions {\"declared\":true,\"installed\":true,\"version\":\"3.13.2\",\"resolution\":\"F:\\\\CSS\\\\Amazon_Clone\\\\amazon-clone\\\\functions\\\\node_modules\\\\firebase-functions\\\\lib\\\\index.js\"}"}}
[debug] [2021-05-06T19:41:01.722Z] [runtime-status] [14428] Outgoing network have been stubbed. [{"name":"http","status":"mocked"},{"name":"http","status":"mocked"},{"name":"https","status":"mocked"},{"name":"https","status":"mocked"},{"name":"net","status":"mocked"}] {"metadata":{"emulator":{"name":"functions"},"message":"[runtime-status] [14428] Outgoing network have been stubbed. [{\"name\":\"http\",\"status\":\"mocked\"},{\"name\":\"http\",\"status\":\"mocked\"},{\"name\":\"https\",\"status\":\"mocked\"},{\"name\":\"https\",\"status\":\"mocked\"},{\"name\":\"net\",\"status\":\"mocked\"}]"}}
[debug] [2021-05-06T19:41:01.723Z] [runtime-status] [14428] Resolved module firebase-functions {"declared":true,"installed":true,"version":"3.13.2","resolution":"F:\\CSS\\Amazon_Clone\\amazon-clone\\functions\\node_modules\\firebase-functions\\lib\\index.js"} {"metadata":{"emulator":{"name":"functions"},"message":"[runtime-status] [14428] Resolved module firebase-functions {\"declared\":true,\"installed\":true,\"version\":\"3.13.2\",\"resolution\":\"F:\\\\CSS\\\\Amazon_Clone\\\\amazon-clone\\\\functions\\\\node_modules\\\\firebase-functions\\\\lib\\\\index.js\"}"}}
[debug] [2021-05-06T19:41:01.810Z] [runtime-status] [14428] Checked functions.config() {"config":{}} {"metadata":{"emulator":{"name":"functions"},"message":"[runtime-status] [14428] Checked functions.config() {\"config\":{}}"}}
[debug] [2021-05-06T19:41:01.810Z] [runtime-status] [14428] firebase-functions has been stubbed. {"functionsResolution":{"declared":true,"installed":true,"version":"3.13.2","resolution":"F:\\CSS\\Amazon_Clone\\amazon-clone\\functions\\node_modules\\firebase-functions\\lib\\index.js"}} {"metadata":{"emulator":{"name":"functions"},"message":"[runtime-status] [14428] firebase-functions has been stubbed. {\"functionsResolution\":{\"declared\":true,\"installed\":true,\"version\":\"3.13.2\",\"resolution\":\"F:\\\\CSS\\\\Amazon_Clone\\\\amazon-clone\\\\functions\\\\node_modules\\\\firebase-functions\\\\lib\\\\index.js\"}}"}}
[debug] [2021-05-06T19:41:01.811Z] [runtime-status] [14428] Resolved module firebase-functions {"declared":true,"installed":true,"version":"3.13.2","resolution":"F:\\CSS\\Amazon_Clone\\amazon-clone\\functions\\node_modules\\firebase-functions\\lib\\index.js"} {"metadata":{"emulator":{"name":"functions"},"message":"[runtime-status] [14428] Resolved module firebase-functions {\"declared\":true,\"installed\":true,\"version\":\"3.13.2\",\"resolution\":\"F:\\\\CSS\\\\Amazon_Clone\\\\amazon-clone\\\\functions\\\\node_modules\\\\firebase-functions\\\\lib\\\\index.js\"}"}}
[debug] [2021-05-06T19:41:01.813Z] [runtime-status] [14428] Resolved module firebase-admin {"declared":true,"installed":true,"version":"9.7.0","resolution":"F:\\CSS\\Amazon_Clone\\amazon-clone\\functions\\node_modules\\firebase-admin\\lib\\index.js"} {"metadata":{"emulator":{"name":"functions"},"message":"[runtime-status] [14428] Resolved module firebase-admin {\"declared\":true,\"installed\":true,\"version\":\"9.7.0\",\"resolution\":\"F:\\\\CSS\\\\Amazon_Clone\\\\amazon-clone\\\\functions\\\\node_modules\\\\firebase-admin\\\\lib\\\\index.js\"}"}}
[debug] [2021-05-06T19:41:01.814Z] [runtime-status] [14428] Resolved module firebase-functions {"declared":true,"installed":true,"version":"3.13.2","resolution":"F:\\CSS\\Amazon_Clone\\amazon-clone\\functions\\node_modules\\firebase-functions\\lib\\index.js"} {"metadata":{"emulator":{"name":"functions"},"message":"[runtime-status] [14428] Resolved module firebase-functions {\"declared\":true,\"installed\":true,\"version\":\"3.13.2\",\"resolution\":\"F:\\\\CSS\\\\Amazon_Clone\\\\amazon-clone\\\\functions\\\\node_modules\\\\firebase-functions\\\\lib\\\\index.js\"}"}}
[debug] [2021-05-06T19:41:01.815Z] [runtime-status] [14428] firebase-admin has been stubbed. {"adminResolution":{"declared":true,"installed":true,"version":"9.7.0","resolution":"F:\\CSS\\Amazon_Clone\\amazon-clone\\functions\\node_modules\\firebase-admin\\lib\\index.js"}} {"metadata":{"emulator":{"name":"functions"},"message":"[runtime-status] [14428] firebase-admin has been stubbed. {\"adminResolution\":{\"declared\":true,\"installed\":true,\"version\":\"9.7.0\",\"resolution\":\"F:\\\\CSS\\\\Amazon_Clone\\\\amazon-clone\\\\functions\\\\node_modules\\\\firebase-admin\\\\lib\\\\index.js\"}}"}}
[debug] [2021-05-06T19:41:02.108Z] [worker-~diagnostic~-cfea1a6d-96c8-41b9-83e0-e49568d91108]: IDLE {"metadata":{"emulator":{"name":"functions"},"message":"[worker-~diagnostic~-cfea1a6d-96c8-41b9-83e0-e49568d91108]: IDLE"}}
[debug] [2021-05-06T19:42:42.512Z] [work-queue] {"queueLength":1,"workRunningCount":0}
[debug] [2021-05-06T19:42:42.513Z] [work-queue] {"queueLength":0,"workRunningCount":1}
[debug] [2021-05-06T19:42:42.513Z] Accepted request POST /e-clone-14acd/us-central1/api/payments/create?total=44388 --> api
[debug] [2021-05-06T19:42:42.514Z] [worker-pool] Cleaned up workers for ~diagnostic~: 2 --> 1 {"metadata":{"emulator":{"name":"functions"},"message":"[worker-pool] Cleaned up workers for ~diagnostic~: 2 --> 1"}}
[debug] [2021-05-06T19:42:42.556Z] [worker-pool] addWorker(api) {"metadata":{"emulator":{"name":"functions"},"message":"[worker-pool] addWorker(api)"}}
[debug] [2021-05-06T19:42:42.557Z] [worker-pool] Adding worker with key api, total=1 {"metadata":{"emulator":{"name":"functions"},"message":"[worker-pool] Adding worker with key api, total=1"}}
[debug] [2021-05-06T19:42:42.558Z] [worker-pool] submitWork(triggerId=api) {"metadata":{"emulator":{"name":"functions"},"message":"[worker-pool] submitWork(triggerId=api)"}}
[debug] [2021-05-06T19:42:42.559Z] [worker-api-4f00a29c-18bb-413f-810e-8aadbabde3f8]: Assigning socketPath: \\?\pipe\F:\CSS\Amazon_Clone\amazon-clone\functions\5748 {"metadata":{"emulator":{"name":"functions"},"message":"[worker-api-4f00a29c-18bb-413f-810e-8aadbabde3f8]: Assigning socketPath: \\\\?\\pipe\\F:\\CSS\\Amazon_Clone\\amazon-clone\\functions\\5748"}}
[debug] [2021-05-06T19:42:42.560Z] [worker-api-4f00a29c-18bb-413f-810e-8aadbabde3f8]: BUSY {"metadata":{"emulator":{"name":"functions"},"message":"[worker-api-4f00a29c-18bb-413f-810e-8aadbabde3f8]: BUSY"}}
[debug] [2021-05-06T19:42:43.437Z] [runtime-status] [5748] Functions runtime initialized. {"cwd":"F:\\CSS\\Amazon_Clone\\amazon-clone\\functions","node_version":"14.15.3"} {"metadata":{"emulator":{"name":"functions"},"function":{"name":"api"},"message":"[runtime-status] [5748] Functions runtime initialized. {\"cwd\":\"F:\\\\CSS\\\\Amazon_Clone\\\\amazon-clone\\\\functions\",\"node_version\":\"14.15.3\"}"}}
[debug] [2021-05-06T19:42:43.439Z] [runtime-status] [5748] Disabled runtime features: undefined {"metadata":{"emulator":{"name":"functions"},"function":{"name":"api"},"message":"[runtime-status] [5748] Disabled runtime features: undefined"}}
[debug] [2021-05-06T19:42:43.443Z] [runtime-status] [5748] Resolved module firebase-admin {"declared":true,"installed":true,"version":"9.7.0","resolution":"F:\\CSS\\Amazon_Clone\\amazon-clone\\functions\\node_modules\\firebase-admin\\lib\\index.js"} {"metadata":{"emulator":{"name":"functions"},"function":{"name":"api"},"message":"[runtime-status] [5748] Resolved module firebase-admin {\"declared\":true,\"installed\":true,\"version\":\"9.7.0\",\"resolution\":\"F:\\\\CSS\\\\Amazon_Clone\\\\amazon-clone\\\\functions\\\\node_modules\\\\firebase-admin\\\\lib\\\\index.js\"}"}}
[debug] [2021-05-06T19:42:43.445Z] [runtime-status] [5748] Resolved module firebase-functions {"declared":true,"installed":true,"version":"3.13.2","resolution":"F:\\CSS\\Amazon_Clone\\amazon-clone\\functions\\node_modules\\firebase-functions\\lib\\index.js"} {"metadata":{"emulator":{"name":"functions"},"function":{"name":"api"},"message":"[runtime-status] [5748] Resolved module firebase-functions {\"declared\":true,\"installed\":true,\"version\":\"3.13.2\",\"resolution\":\"F:\\\\CSS\\\\Amazon_Clone\\\\amazon-clone\\\\functions\\\\node_modules\\\\firebase-functions\\\\lib\\\\index.js\"}"}}
[debug] [2021-05-06T19:42:43.447Z] [runtime-status] [5748] Resolved module firebase-functions {"declared":true,"installed":true,"version":"3.13.2","resolution":"F:\\CSS\\Amazon_Clone\\amazon-clone\\functions\\node_modules\\firebase-functions\\lib\\index.js"} {"metadata":{"emulator":{"name":"functions"},"function":{"name":"api"},"message":"[runtime-status] [5748] Resolved module firebase-functions {\"declared\":true,\"installed\":true,\"version\":\"3.13.2\",\"resolution\":\"F:\\\\CSS\\\\Amazon_Clone\\\\amazon-clone\\\\functions\\\\node_modules\\\\firebase-functions\\\\lib\\\\index.js\"}"}}
[debug] [2021-05-06T19:42:43.449Z] [runtime-status] [5748] Outgoing network have been stubbed. [{"name":"http","status":"mocked"},{"name":"http","status":"mocked"},{"name":"https","status":"mocked"},{"name":"https","status":"mocked"},{"name":"net","status":"mocked"}] {"metadata":{"emulator":{"name":"functions"},"function":{"name":"api"},"message":"[runtime-status] [5748] Outgoing network have been stubbed. [{\"name\":\"http\",\"status\":\"mocked\"},{\"name\":\"http\",\"status\":\"mocked\"},{\"name\":\"https\",\"status\":\"mocked\"},{\"name\":\"https\",\"status\":\"mocked\"},{\"name\":\"net\",\"status\":\"mocked\"}]"}}
[debug] [2021-05-06T19:42:43.450Z] [runtime-status] [5748] Resolved module firebase-functions {"declared":true,"installed":true,"version":"3.13.2","resolution":"F:\\CSS\\Amazon_Clone\\amazon-clone\\functions\\node_modules\\firebase-functions\\lib\\index.js"} {"metadata":{"emulator":{"name":"functions"},"function":{"name":"api"},"message":"[runtime-status] [5748] Resolved module firebase-functions {\"declared\":true,\"installed\":true,\"version\":\"3.13.2\",\"resolution\":\"F:\\\\CSS\\\\Amazon_Clone\\\\amazon-clone\\\\functions\\\\node_modules\\\\firebase-functions\\\\lib\\\\index.js\"}"}}
[debug] [2021-05-06T19:42:43.510Z] [runtime-status] [5748] Checked functions.config() {"config":{}} {"metadata":{"emulator":{"name":"functions"},"function":{"name":"api"},"message":"[runtime-status] [5748] Checked functions.config() {\"config\":{}}"}}
[debug] [2021-05-06T19:42:43.511Z] [runtime-status] [5748] firebase-functions has been stubbed. {"functionsResolution":{"declared":true,"installed":true,"version":"3.13.2","resolution":"F:\\CSS\\Amazon_Clone\\amazon-clone\\functions\\node_modules\\firebase-functions\\lib\\index.js"}} {"metadata":{"emulator":{"name":"functions"},"function":{"name":"api"},"message":"[runtime-status] [5748] firebase-functions has been stubbed. {\"functionsResolution\":{\"declared\":true,\"installed\":true,\"version\":\"3.13.2\",\"resolution\":\"F:\\\\CSS\\\\Amazon_Clone\\\\amazon-clone\\\\functions\\\\node_modules\\\\firebase-functions\\\\lib\\\\index.js\"}}"}}
[debug] [2021-05-06T19:42:43.511Z] [runtime-status] [5748] Resolved module firebase-functions {"declared":true,"installed":true,"version":"3.13.2","resolution":"F:\\CSS\\Amazon_Clone\\amazon-clone\\functions\\node_modules\\firebase-functions\\lib\\index.js"} {"metadata":{"emulator":{"name":"functions"},"function":{"name":"api"},"message":"[runtime-status] [5748] Resolved module firebase-functions {\"declared\":true,\"installed\":true,\"version\":\"3.13.2\",\"resolution\":\"F:\\\\CSS\\\\Amazon_Clone\\\\amazon-clone\\\\functions\\\\node_modules\\\\firebase-functions\\\\lib\\\\index.js\"}"}}
[debug] [2021-05-06T19:42:43.513Z] [runtime-status] [5748] Resolved module firebase-admin {"declared":true,"installed":true,"version":"9.7.0","resolution":"F:\\CSS\\Amazon_Clone\\amazon-clone\\functions\\node_modules\\firebase-admin\\lib\\index.js"} {"metadata":{"emulator":{"name":"functions"},"function":{"name":"api"},"message":"[runtime-status] [5748] Resolved module firebase-admin {\"declared\":true,\"installed\":true,\"version\":\"9.7.0\",\"resolution\":\"F:\\\\CSS\\\\Amazon_Clone\\\\amazon-clone\\\\functions\\\\node_modules\\\\firebase-admin\\\\lib\\\\index.js\"}"}}
[debug] [2021-05-06T19:42:43.514Z] [runtime-status] [5748] Resolved module firebase-functions {"declared":true,"installed":true,"version":"3.13.2","resolution":"F:\\CSS\\Amazon_Clone\\amazon-clone\\functions\\node_modules\\firebase-functions\\lib\\index.js"} {"metadata":{"emulator":{"name":"functions"},"function":{"name":"api"},"message":"[runtime-status] [5748] Resolved module firebase-functions {\"declared\":true,\"installed\":true,\"version\":\"3.13.2\",\"resolution\":\"F:\\\\CSS\\\\Amazon_Clone\\\\amazon-clone\\\\functions\\\\node_modules\\\\firebase-functions\\\\lib\\\\index.js\"}"}}
[debug] [2021-05-06T19:42:43.514Z] [runtime-status] [5748] firebase-admin has been stubbed. {"adminResolution":{"declared":true,"installed":true,"version":"9.7.0","resolution":"F:\\CSS\\Amazon_Clone\\amazon-clone\\functions\\node_modules\\firebase-admin\\lib\\index.js"}} {"metadata":{"emulator":{"name":"functions"},"function":{"name":"api"},"message":"[runtime-status] [5748] firebase-admin has been stubbed. {\"adminResolution\":{\"declared\":true,\"installed\":true,\"version\":\"9.7.0\",\"resolution\":\"F:\\\\CSS\\\\Amazon_Clone\\\\amazon-clone\\\\functions\\\\node_modules\\\\firebase-admin\\\\lib\\\\index.js\"}}"}}
[debug] [2021-05-06T19:42:43.744Z] [runtime-status] [5748] Trigger "api" has been found, beginning invocation! {"metadata":{"emulator":{"name":"functions"},"function":{"name":"api"},"message":"[runtime-status] [5748] Trigger \"api\" has been found, beginning invocation!"}}
[info] i  functions: Beginning execution of "api" {"metadata":{"emulator":{"name":"functions"},"function":{"name":"api"},"message":"Beginning execution of \"api\""}}
[debug] [2021-05-06T19:42:43.745Z] [runtime-status] [5748] triggerDefinition {"httpsTrigger":{},"name":"api","entryPoint":"api"} {"metadata":{"emulator":{"name":"functions"},"function":{"name":"api"},"message":"[runtime-status] [5748] triggerDefinition {\"httpsTrigger\":{},\"name\":\"api\",\"entryPoint\":\"api\"}"}}
[debug] [2021-05-06T19:42:43.746Z] [runtime-status] [5748] Running api in mode HTTPS {"metadata":{"emulator":{"name":"functions"},"function":{"name":"api"},"message":"[runtime-status] [5748] Running api in mode HTTPS"}}
[debug] [2021-05-06T19:42:43.751Z] [runtime-status] [5748] Attempting to listen to socketPath: \\?\pipe\F:\CSS\Amazon_Clone\amazon-clone\functions\5748 {"metadata":{"emulator":{"name":"functions"},"function":{"name":"api"},"message":"[runtime-status] [5748] Attempting to listen to socketPath: \\\\?\\pipe\\F:\\CSS\\Amazon_Clone\\amazon-clone\\functions\\5748"}}
[debug] [2021-05-06T19:42:43.754Z] [functions] Runtime ready! Sending request! {"metadata":{"emulator":{"name":"functions"},"message":"[functions] Runtime ready! Sending request!"}}
[debug] [2021-05-06T19:42:43.755Z] [functions] Got req.url=/e-clone-14acd/us-central1/api/payments/create?total=44388, mapping to path=/payments/create?total=44388 {"metadata":{"emulator":{"name":"functions"},"message":"[functions] Got req.url=/e-clone-14acd/us-central1/api/payments/create?total=44388, mapping to path=/payments/create?total=44388"}}
[debug] [2021-05-06T19:42:43.765Z] [runtime-status] [5748] Ephemeral server handling POST request {"metadata":{"emulator":{"name":"functions"},"function":{"name":"api"},"message":"[runtime-status] [5748] Ephemeral server handling POST request"}}
[info] >  Payment Receive 44388 {"user":"Payment Receive 44388","metadata":{"emulator":{"name":"functions"},"function":{"name":"api"},"message":"\u001b[90m> \u001b[39m Payment Receive 44388"}}
[debug] [2021-05-06T19:42:43.786Z] [runtime-status] [5748] Ephemeral server survived. {"metadata":{"emulator":{"name":"functions"},"function":{"name":"api"},"message":"[runtime-status] [5748] Ephemeral server survived."}}
[info] i  functions: Finished "api" in ~1s {"metadata":{"emulator":{"name":"functions"},"function":{"name":"api"},"message":"Finished \"api\" in ~1s"}}
[debug] [2021-05-06T19:42:44.433Z] [worker-api-4f00a29c-18bb-413f-810e-8aadbabde3f8]: IDLE {"metadata":{"emulator":{"name":"functions"},"message":"[worker-api-4f00a29c-18bb-413f-810e-8aadbabde3f8]: IDLE"}}
[debug] [2021-05-06T19:42:44.433Z] [work-queue] {"queueLength":0,"workRunningCount":0}
[debug] [2021-05-06T19:48:09.223Z] [work-queue] {"queueLength":1,"workRunningCount":0}
[debug] [2021-05-06T19:48:09.223Z] [work-queue] {"queueLength":0,"workRunningCount":1}
[debug] [2021-05-06T19:48:09.223Z] Accepted request POST /e-clone-14acd/us-central1/api/payments/create?total=44388 --> api
[debug] [2021-05-06T19:48:09.223Z] [worker-pool] submitWork(triggerId=api) {"metadata":{"emulator":{"name":"functions"},"message":"[worker-pool] submitWork(triggerId=api)"}}
[debug] [2021-05-06T19:48:09.224Z] [worker-api-4f00a29c-18bb-413f-810e-8aadbabde3f8]: Assigning socketPath: \\?\pipe\F:\CSS\Amazon_Clone\amazon-clone\functions\5748 {"metadata":{"emulator":{"name":"functions"},"message":"[worker-api-4f00a29c-18bb-413f-810e-8aadbabde3f8]: Assigning socketPath: \\\\?\\pipe\\F:\\CSS\\Amazon_Clone\\amazon-clone\\functions\\5748"}}
[debug] [2021-05-06T19:48:09.224Z] [worker-api-4f00a29c-18bb-413f-810e-8aadbabde3f8]: BUSY {"metadata":{"emulator":{"name":"functions"},"message":"[worker-api-4f00a29c-18bb-413f-810e-8aadbabde3f8]: BUSY"}}
[debug] [2021-05-06T19:48:09.225Z] [runtime-status] [5748] Trigger "api" has been found, beginning invocation! {"metadata":{"emulator":{"name":"functions"},"function":{"name":"api"},"message":"[runtime-status] [5748] Trigger \"api\" has been found, beginning invocation!"}}
[info] i  functions: Beginning execution of "api" {"metadata":{"emulator":{"name":"functions"},"function":{"name":"api"},"message":"Beginning execution of \"api\""}}
[debug] [2021-05-06T19:48:09.226Z] [runtime-status] [5748] triggerDefinition {"httpsTrigger":{},"name":"api","entryPoint":"api"} {"metadata":{"emulator":{"name":"functions"},"function":{"name":"api"},"message":"[runtime-status] [5748] triggerDefinition {\"httpsTrigger\":{},\"name\":\"api\",\"entryPoint\":\"api\"}"}}
[debug] [2021-05-06T19:48:09.227Z] [runtime-status] [5748] Running api in mode HTTPS {"metadata":{"emulator":{"name":"functions"},"function":{"name":"api"},"message":"[runtime-status] [5748] Running api in mode HTTPS"}}
[debug] [2021-05-06T19:48:09.227Z] [runtime-status] [5748] Attempting to listen to socketPath: \\?\pipe\F:\CSS\Amazon_Clone\amazon-clone\functions\5748 {"metadata":{"emulator":{"name":"functions"},"function":{"name":"api"},"message":"[runtime-status] [5748] Attempting to listen to socketPath: \\\\?\\pipe\\F:\\CSS\\Amazon_Clone\\amazon-clone\\functions\\5748"}}
[debug] [2021-05-06T19:48:09.229Z] [functions] Runtime ready! Sending request! {"metadata":{"emulator":{"name":"functions"},"message":"[functions] Runtime ready! Sending request!"}}
[debug] [2021-05-06T19:48:09.229Z] [functions] Got req.url=/e-clone-14acd/us-central1/api/payments/create?total=44388, mapping to path=/payments/create?total=44388 {"metadata":{"emulator":{"name":"functions"},"message":"[functions] Got req.url=/e-clone-14acd/us-central1/api/payments/create?total=44388, mapping to path=/payments/create?total=44388"}}
[debug] [2021-05-06T19:48:09.234Z] [runtime-status] [5748] Ephemeral server handling POST request {"metadata":{"emulator":{"name":"functions"},"function":{"name":"api"},"message":"[runtime-status] [5748] Ephemeral server handling POST request"}}
[info] >  Payment Receive 44388 {"user":"Payment Receive 44388","metadata":{"emulator":{"name":"functions"},"function":{"name":"api"},"message":"\u001b[90m> \u001b[39m Payment Receive 44388"}}
[debug] [2021-05-06T19:48:09.238Z] [runtime-status] [5748] Ephemeral server survived. {"metadata":{"emulator":{"name":"functions"},"function":{"name":"api"},"message":"[runtime-status] [5748] Ephemeral server survived."}}
[info] i  functions: Finished "api" in ~1s {"metadata":{"emulator":{"name":"functions"},"function":{"name":"api"},"message":"Finished \"api\" in ~1s"}}
[debug] [2021-05-06T19:48:09.755Z] [worker-api-4f00a29c-18bb-413f-810e-8aadbabde3f8]: IDLE {"metadata":{"emulator":{"name":"functions"},"message":"[worker-api-4f00a29c-18bb-413f-810e-8aadbabde3f8]: IDLE"}}
[debug] [2021-05-06T19:48:09.756Z] [work-queue] {"queueLength":0,"workRunningCount":0}
[debug] [2021-05-06T19:48:14.497Z] [work-queue] {"queueLength":1,"workRunningCount":0}
[debug] [2021-05-06T19:48:14.497Z] [work-queue] {"queueLength":0,"workRunningCount":1}
[debug] [2021-05-06T19:48:14.497Z] Accepted request POST /e-clone-14acd/us-central1/api/payments/create?total=0 --> api
[debug] [2021-05-06T19:48:14.497Z] [worker-pool] submitWork(triggerId=api) {"metadata":{"emulator":{"name":"functions"},"message":"[worker-pool] submitWork(triggerId=api)"}}
[debug] [2021-05-06T19:48:14.498Z] [worker-api-4f00a29c-18bb-413f-810e-8aadbabde3f8]: Assigning socketPath: \\?\pipe\F:\CSS\Amazon_Clone\amazon-clone\functions\5748 {"metadata":{"emulator":{"name":"functions"},"message":"[worker-api-4f00a29c-18bb-413f-810e-8aadbabde3f8]: Assigning socketPath: \\\\?\\pipe\\F:\\CSS\\Amazon_Clone\\amazon-clone\\functions\\5748"}}
[debug] [2021-05-06T19:48:14.498Z] [worker-api-4f00a29c-18bb-413f-810e-8aadbabde3f8]: BUSY {"metadata":{"emulator":{"name":"functions"},"message":"[worker-api-4f00a29c-18bb-413f-810e-8aadbabde3f8]: BUSY"}}
[debug] [2021-05-06T19:48:14.498Z] [runtime-status] [5748] Trigger "api" has been found, beginning invocation! {"metadata":{"emulator":{"name":"functions"},"function":{"name":"api"},"message":"[runtime-status] [5748] Trigger \"api\" has been found, beginning invocation!"}}
[info] i  functions: Beginning execution of "api" {"metadata":{"emulator":{"name":"functions"},"function":{"name":"api"},"message":"Beginning execution of \"api\""}}
[debug] [2021-05-06T19:48:14.501Z] [runtime-status] [5748] triggerDefinition {"httpsTrigger":{},"name":"api","entryPoint":"api"} {"metadata":{"emulator":{"name":"functions"},"function":{"name":"api"},"message":"[runtime-status] [5748] triggerDefinition {\"httpsTrigger\":{},\"name\":\"api\",\"entryPoint\":\"api\"}"}}
[debug] [2021-05-06T19:48:14.502Z] [runtime-status] [5748] Running api in mode HTTPS {"metadata":{"emulator":{"name":"functions"},"function":{"name":"api"},"message":"[runtime-status] [5748] Running api in mode HTTPS"}}
[debug] [2021-05-06T19:48:14.502Z] [runtime-status] [5748] Attempting to listen to socketPath: \\?\pipe\F:\CSS\Amazon_Clone\amazon-clone\functions\5748 {"metadata":{"emulator":{"name":"functions"},"function":{"name":"api"},"message":"[runtime-status] [5748] Attempting to listen to socketPath: \\\\?\\pipe\\F:\\CSS\\Amazon_Clone\\amazon-clone\\functions\\5748"}}
[debug] [2021-05-06T19:48:14.504Z] [functions] Runtime ready! Sending request! {"metadata":{"emulator":{"name":"functions"},"message":"[functions] Runtime ready! Sending request!"}}
[debug] [2021-05-06T19:48:14.505Z] [functions] Got req.url=/e-clone-14acd/us-central1/api/payments/create?total=0, mapping to path=/payments/create?total=0 {"metadata":{"emulator":{"name":"functions"},"message":"[functions] Got req.url=/e-clone-14acd/us-central1/api/payments/create?total=0, mapping to path=/payments/create?total=0"}}
[debug] [2021-05-06T19:48:14.509Z] [runtime-status] [5748] Ephemeral server handling POST request {"metadata":{"emulator":{"name":"functions"},"function":{"name":"api"},"message":"[runtime-status] [5748] Ephemeral server handling POST request"}}
[info] >  Payment Receive 0 {"user":"Payment Receive 0","metadata":{"emulator":{"name":"functions"},"function":{"name":"api"},"message":"\u001b[90m> \u001b[39m Payment Receive 0"}}
[debug] [2021-05-06T19:48:14.512Z] [runtime-status] [5748] Ephemeral server survived. {"metadata":{"emulator":{"name":"functions"},"function":{"name":"api"},"message":"[runtime-status] [5748] Ephemeral server survived."}}
[info] >  (node:5748) UnhandledPromiseRejectionWarning: Error: This value must be greater than or equal to 1. {"user":"(node:5748) UnhandledPromiseRejectionWarning: Error: This value must be greater than or equal to 1.","metadata":{"emulator":{"name":"functions"},"function":{"name":"api"},"message":"\u001b[90m> \u001b[39m (node:5748) UnhandledPromiseRejectionWarning: Error: This value must be greater than or equal to 1."}}
[info] >      at Function.generate (F:\CSS\Amazon_Clone\amazon-clone\functions\node_modules\stripe\lib\Error.js:40:16) {"user":"    at Function.generate (F:\\CSS\\Amazon_Clone\\amazon-clone\\functions\\node_modules\\stripe\\lib\\Error.js:40:16)","metadata":{"emulator":{"name":"functions"},"function":{"name":"api"},"message":"\u001b[90m> \u001b[39m     at Function.generate (F:\\CSS\\Amazon_Clone\\amazon-clone\\functions\\node_modules\\stripe\\lib\\Error.js:40:16)"}}
[info] >      at IncomingMessage.<anonymous> (F:\CSS\Amazon_Clone\amazon-clone\functions\node_modules\stripe\lib\StripeResource.js:180:33) {"user":"    at IncomingMessage.<anonymous> (F:\\CSS\\Amazon_Clone\\amazon-clone\\functions\\node_modules\\stripe\\lib\\StripeResource.js:180:33)","metadata":{"emulator":{"name":"functions"},"function":{"name":"api"},"message":"\u001b[90m> \u001b[39m     at IncomingMessage.<anonymous> (F:\\CSS\\Amazon_Clone\\amazon-clone\\functions\\node_modules\\stripe\\lib\\StripeResource.js:180:33)"}}
[info] >      at Object.onceWrapper (events.js:421:28) {"user":"    at Object.onceWrapper (events.js:421:28)","metadata":{"emulator":{"name":"functions"},"function":{"name":"api"},"message":"\u001b[90m> \u001b[39m     at Object.onceWrapper (events.js:421:28)"}}
[info] >      at IncomingMessage.emit (events.js:327:22) {"user":"    at IncomingMessage.emit (events.js:327:22)","metadata":{"emulator":{"name":"functions"},"function":{"name":"api"},"message":"\u001b[90m> \u001b[39m     at IncomingMessage.emit (events.js:327:22)"}}
[info] >      at endReadableNT (internal/streams/readable.js:1327:12) {"user":"    at endReadableNT (internal/streams/readable.js:1327:12)","metadata":{"emulator":{"name":"functions"},"function":{"name":"api"},"message":"\u001b[90m> \u001b[39m     at endReadableNT (internal/streams/readable.js:1327:12)"}}
[info] >      at processTicksAndRejections (internal/process/task_queues.js:80:21) {"user":"    at processTicksAndRejections (internal/process/task_queues.js:80:21)","metadata":{"emulator":{"name":"functions"},"function":{"name":"api"},"message":"\u001b[90m> \u001b[39m     at processTicksAndRejections (internal/process/task_queues.js:80:21)"}}
[info] >  (Use `node --trace-warnings ...` to show where the warning was created) {"user":"(Use `node --trace-warnings ...` to show where the warning was created)","metadata":{"emulator":{"name":"functions"},"function":{"name":"api"},"message":"\u001b[90m> \u001b[39m (Use `node --trace-warnings ...` to show where the warning was created)"}}
[info] >  (node:5748) UnhandledPromiseRejectionWarning: Unhandled promise rejection. This error originated either by throwing inside of an async function without a catch block, or by rejecting a promise which was not handled with .catch(). To terminate the node process on unhandled promise rejection, use the CLI flag `--unhandled-rejections=strict` (see https://nodejs.org/api/cli.html#cli_unhandled_rejections_mode). (rejection id: 1) {"user":"(node:5748) UnhandledPromiseRejectionWarning: Unhandled promise rejection. This error originated either by throwing inside of an async function without a catch block, or by rejecting a promise which was not handled with .catch(). To terminate the node process on unhandled promise rejection, use the CLI flag `--unhandled-rejections=strict` (see https://nodejs.org/api/cli.html#cli_unhandled_rejections_mode). (rejection id: 1)","metadata":{"emulator":{"name":"functions"},"function":{"name":"api"},"message":"\u001b[90m> \u001b[39m (node:5748) UnhandledPromiseRejectionWarning: Unhandled promise rejection. This error originated either by throwing inside of an async function without a catch block, or by rejecting a promise which was not handled with .catch(). To terminate the node process on unhandled promise rejection, use the CLI flag `--unhandled-rejections=strict` (see https://nodejs.org/api/cli.html#cli_unhandled_rejections_mode). (rejection id: 1)"}}
[info] >  (node:5748) [DEP0018] DeprecationWarning: Unhandled promise rejections are deprecated. In the future, promise rejections that are not handled will terminate the Node.js process with a non-zero exit code. {"user":"(node:5748) [DEP0018] DeprecationWarning: Unhandled promise rejections are deprecated. In the future, promise rejections that are not handled will terminate the Node.js process with a non-zero exit code.","metadata":{"emulator":{"name":"functions"},"function":{"name":"api"},"message":"\u001b[90m> \u001b[39m (node:5748) [DEP0018] DeprecationWarning: Unhandled promise rejections are deprecated. In the future, promise rejections that are not handled will terminate the Node.js process with a non-zero exit code."}}
[debug] [2021-05-06T19:48:28.531Z] [work-queue] {"queueLength":1,"workRunningCount":1}
[debug] [2021-05-06T19:48:28.531Z] [work-queue] {"queueLength":0,"workRunningCount":2}
[debug] [2021-05-06T19:48:28.531Z] Accepted request POST /e-clone-14acd/us-central1/api/payments/create?total=53186 --> api
[debug] [2021-05-06T19:48:28.543Z] [worker-pool] addWorker(api) {"metadata":{"emulator":{"name":"functions"},"message":"[worker-pool] addWorker(api)"}}
[debug] [2021-05-06T19:48:28.543Z] [worker-pool] Adding worker with key api, total=2 {"metadata":{"emulator":{"name":"functions"},"message":"[worker-pool] Adding worker with key api, total=2"}}
[debug] [2021-05-06T19:48:28.543Z] [worker-pool] submitWork(triggerId=api) {"metadata":{"emulator":{"name":"functions"},"message":"[worker-pool] submitWork(triggerId=api)"}}
[debug] [2021-05-06T19:48:28.544Z] [worker-api-31fa211e-e022-442d-b9bb-4a2bc71f81d3]: Assigning socketPath: \\?\pipe\F:\CSS\Amazon_Clone\amazon-clone\functions\15272 {"metadata":{"emulator":{"name":"functions"},"message":"[worker-api-31fa211e-e022-442d-b9bb-4a2bc71f81d3]: Assigning socketPath: \\\\?\\pipe\\F:\\CSS\\Amazon_Clone\\amazon-clone\\functions\\15272"}}
[debug] [2021-05-06T19:48:28.544Z] [worker-api-31fa211e-e022-442d-b9bb-4a2bc71f81d3]: BUSY {"metadata":{"emulator":{"name":"functions"},"message":"[worker-api-31fa211e-e022-442d-b9bb-4a2bc71f81d3]: BUSY"}}
[debug] [2021-05-06T19:48:28.920Z] [runtime-status] [15272] Functions runtime initialized. {"cwd":"F:\\CSS\\Amazon_Clone\\amazon-clone\\functions","node_version":"14.15.3"} {"metadata":{"emulator":{"name":"functions"},"function":{"name":"api"},"message":"[runtime-status] [15272] Functions runtime initialized. {\"cwd\":\"F:\\\\CSS\\\\Amazon_Clone\\\\amazon-clone\\\\functions\",\"node_version\":\"14.15.3\"}"}}
[debug] [2021-05-06T19:48:28.922Z] [runtime-status] [15272] Disabled runtime features: undefined {"metadata":{"emulator":{"name":"functions"},"function":{"name":"api"},"message":"[runtime-status] [15272] Disabled runtime features: undefined"}}
[debug] [2021-05-06T19:48:28.925Z] [runtime-status] [15272] Resolved module firebase-admin {"declared":true,"installed":true,"version":"9.7.0","resolution":"F:\\CSS\\Amazon_Clone\\amazon-clone\\functions\\node_modules\\firebase-admin\\lib\\index.js"} {"metadata":{"emulator":{"name":"functions"},"function":{"name":"api"},"message":"[runtime-status] [15272] Resolved module firebase-admin {\"declared\":true,\"installed\":true,\"version\":\"9.7.0\",\"resolution\":\"F:\\\\CSS\\\\Amazon_Clone\\\\amazon-clone\\\\functions\\\\node_modules\\\\firebase-admin\\\\lib\\\\index.js\"}"}}
[debug] [2021-05-06T19:48:28.927Z] [runtime-status] [15272] Resolved module firebase-functions {"declared":true,"installed":true,"version":"3.13.2","resolution":"F:\\CSS\\Amazon_Clone\\amazon-clone\\functions\\node_modules\\firebase-functions\\lib\\index.js"} {"metadata":{"emulator":{"name":"functions"},"function":{"name":"api"},"message":"[runtime-status] [15272] Resolved module firebase-functions {\"declared\":true,\"installed\":true,\"version\":\"3.13.2\",\"resolution\":\"F:\\\\CSS\\\\Amazon_Clone\\\\amazon-clone\\\\functions\\\\node_modules\\\\firebase-functions\\\\lib\\\\index.js\"}"}}
[debug] [2021-05-06T19:48:28.929Z] [runtime-status] [15272] Resolved module firebase-functions {"declared":true,"installed":true,"version":"3.13.2","resolution":"F:\\CSS\\Amazon_Clone\\amazon-clone\\functions\\node_modules\\firebase-functions\\lib\\index.js"} {"metadata":{"emulator":{"name":"functions"},"function":{"name":"api"},"message":"[runtime-status] [15272] Resolved module firebase-functions {\"declared\":true,\"installed\":true,\"version\":\"3.13.2\",\"resolution\":\"F:\\\\CSS\\\\Amazon_Clone\\\\amazon-clone\\\\functions\\\\node_modules\\\\firebase-functions\\\\lib\\\\index.js\"}"}}
[debug] [2021-05-06T19:48:28.931Z] [runtime-status] [15272] Outgoing network have been stubbed. [{"name":"http","status":"mocked"},{"name":"http","status":"mocked"},{"name":"https","status":"mocked"},{"name":"https","status":"mocked"},{"name":"net","status":"mocked"}] {"metadata":{"emulator":{"name":"functions"},"function":{"name":"api"},"message":"[runtime-status] [15272] Outgoing network have been stubbed. [{\"name\":\"http\",\"status\":\"mocked\"},{\"name\":\"http\",\"status\":\"mocked\"},{\"name\":\"https\",\"status\":\"mocked\"},{\"name\":\"https\",\"status\":\"mocked\"},{\"name\":\"net\",\"status\":\"mocked\"}]"}}
[debug] [2021-05-06T19:48:28.932Z] [runtime-status] [15272] Resolved module firebase-functions {"declared":true,"installed":true,"version":"3.13.2","resolution":"F:\\CSS\\Amazon_Clone\\amazon-clone\\functions\\node_modules\\firebase-functions\\lib\\index.js"} {"metadata":{"emulator":{"name":"functions"},"function":{"name":"api"},"message":"[runtime-status] [15272] Resolved module firebase-functions {\"declared\":true,\"installed\":true,\"version\":\"3.13.2\",\"resolution\":\"F:\\\\CSS\\\\Amazon_Clone\\\\amazon-clone\\\\functions\\\\node_modules\\\\firebase-functions\\\\lib\\\\index.js\"}"}}
[debug] [2021-05-06T19:48:28.998Z] [runtime-status] [15272] Checked functions.config() {"config":{}} {"metadata":{"emulator":{"name":"functions"},"function":{"name":"api"},"message":"[runtime-status] [15272] Checked functions.config() {\"config\":{}}"}}
[debug] [2021-05-06T19:48:28.998Z] [runtime-status] [15272] firebase-functions has been stubbed. {"functionsResolution":{"declared":true,"installed":true,"version":"3.13.2","resolution":"F:\\CSS\\Amazon_Clone\\amazon-clone\\functions\\node_modules\\firebase-functions\\lib\\index.js"}} {"metadata":{"emulator":{"name":"functions"},"function":{"name":"api"},"message":"[runtime-status] [15272] firebase-functions has been stubbed. {\"functionsResolution\":{\"declared\":true,\"installed\":true,\"version\":\"3.13.2\",\"resolution\":\"F:\\\\CSS\\\\Amazon_Clone\\\\amazon-clone\\\\functions\\\\node_modules\\\\firebase-functions\\\\lib\\\\index.js\"}}"}}
[debug] [2021-05-06T19:48:28.999Z] [runtime-status] [15272] Resolved module firebase-functions {"declared":true,"installed":true,"version":"3.13.2","resolution":"F:\\CSS\\Amazon_Clone\\amazon-clone\\functions\\node_modules\\firebase-functions\\lib\\index.js"} {"metadata":{"emulator":{"name":"functions"},"function":{"name":"api"},"message":"[runtime-status] [15272] Resolved module firebase-functions {\"declared\":true,\"installed\":true,\"version\":\"3.13.2\",\"resolution\":\"F:\\\\CSS\\\\Amazon_Clone\\\\amazon-clone\\\\functions\\\\node_modules\\\\firebase-functions\\\\lib\\\\index.js\"}"}}
[debug] [2021-05-06T19:48:29.001Z] [runtime-status] [15272] Resolved module firebase-admin {"declared":true,"installed":true,"version":"9.7.0","resolution":"F:\\CSS\\Amazon_Clone\\amazon-clone\\functions\\node_modules\\firebase-admin\\lib\\index.js"} {"metadata":{"emulator":{"name":"functions"},"function":{"name":"api"},"message":"[runtime-status] [15272] Resolved module firebase-admin {\"declared\":true,\"installed\":true,\"version\":\"9.7.0\",\"resolution\":\"F:\\\\CSS\\\\Amazon_Clone\\\\amazon-clone\\\\functions\\\\node_modules\\\\firebase-admin\\\\lib\\\\index.js\"}"}}
[debug] [2021-05-06T19:48:29.002Z] [runtime-status] [15272] Resolved module firebase-functions {"declared":true,"installed":true,"version":"3.13.2","resolution":"F:\\CSS\\Amazon_Clone\\amazon-clone\\functions\\node_modules\\firebase-functions\\lib\\index.js"} {"metadata":{"emulator":{"name":"functions"},"function":{"name":"api"},"message":"[runtime-status] [15272] Resolved module firebase-functions {\"declared\":true,\"installed\":true,\"version\":\"3.13.2\",\"resolution\":\"F:\\\\CSS\\\\Amazon_Clone\\\\amazon-clone\\\\functions\\\\node_modules\\\\firebase-functions\\\\lib\\\\index.js\"}"}}
[debug] [2021-05-06T19:48:29.003Z] [runtime-status] [15272] firebase-admin has been stubbed. {"adminResolution":{"declared":true,"installed":true,"version":"9.7.0","resolution":"F:\\CSS\\Amazon_Clone\\amazon-clone\\functions\\node_modules\\firebase-admin\\lib\\index.js"}} {"metadata":{"emulator":{"name":"functions"},"function":{"name":"api"},"message":"[runtime-status] [15272] firebase-admin has been stubbed. {\"adminResolution\":{\"declared\":true,\"installed\":true,\"version\":\"9.7.0\",\"resolution\":\"F:\\\\CSS\\\\Amazon_Clone\\\\amazon-clone\\\\functions\\\\node_modules\\\\firebase-admin\\\\lib\\\\index.js\"}}"}}
[debug] [2021-05-06T19:48:29.226Z] [runtime-status] [15272] Trigger "api" has been found, beginning invocation! {"metadata":{"emulator":{"name":"functions"},"function":{"name":"api"},"message":"[runtime-status] [15272] Trigger \"api\" has been found, beginning invocation!"}}
[info] i  functions: Beginning execution of "api" {"metadata":{"emulator":{"name":"functions"},"function":{"name":"api"},"message":"Beginning execution of \"api\""}}
[debug] [2021-05-06T19:48:29.228Z] [runtime-status] [15272] triggerDefinition {"httpsTrigger":{},"name":"api","entryPoint":"api"} {"metadata":{"emulator":{"name":"functions"},"function":{"name":"api"},"message":"[runtime-status] [15272] triggerDefinition {\"httpsTrigger\":{},\"name\":\"api\",\"entryPoint\":\"api\"}"}}
[debug] [2021-05-06T19:48:29.228Z] [runtime-status] [15272] Running api in mode HTTPS {"metadata":{"emulator":{"name":"functions"},"function":{"name":"api"},"message":"[runtime-status] [15272] Running api in mode HTTPS"}}
[debug] [2021-05-06T19:48:29.234Z] [runtime-status] [15272] Attempting to listen to socketPath: \\?\pipe\F:\CSS\Amazon_Clone\amazon-clone\functions\15272 {"metadata":{"emulator":{"name":"functions"},"function":{"name":"api"},"message":"[runtime-status] [15272] Attempting to listen to socketPath: \\\\?\\pipe\\F:\\CSS\\Amazon_Clone\\amazon-clone\\functions\\15272"}}
[debug] [2021-05-06T19:48:29.238Z] [functions] Runtime ready! Sending request! {"metadata":{"emulator":{"name":"functions"},"message":"[functions] Runtime ready! Sending request!"}}
[debug] [2021-05-06T19:48:29.239Z] [functions] Got req.url=/e-clone-14acd/us-central1/api/payments/create?total=53186, mapping to path=/payments/create?total=53186 {"metadata":{"emulator":{"name":"functions"},"message":"[functions] Got req.url=/e-clone-14acd/us-central1/api/payments/create?total=53186, mapping to path=/payments/create?total=53186"}}
[debug] [2021-05-06T19:48:29.248Z] [runtime-status] [15272] Ephemeral server handling POST request {"metadata":{"emulator":{"name":"functions"},"function":{"name":"api"},"message":"[runtime-status] [15272] Ephemeral server handling POST request"}}
[info] >  Payment Receive 53186 {"user":"Payment Receive 53186","metadata":{"emulator":{"name":"functions"},"function":{"name":"api"},"message":"\u001b[90m> \u001b[39m Payment Receive 53186"}}
[debug] [2021-05-06T19:48:29.270Z] [runtime-status] [15272] Ephemeral server survived. {"metadata":{"emulator":{"name":"functions"},"function":{"name":"api"},"message":"[runtime-status] [15272] Ephemeral server survived."}}
[info] i  functions: Finished "api" in ~1s {"metadata":{"emulator":{"name":"functions"},"function":{"name":"api"},"message":"Finished \"api\" in ~1s"}}
[debug] [2021-05-06T19:48:29.991Z] [worker-api-31fa211e-e022-442d-b9bb-4a2bc71f81d3]: IDLE {"metadata":{"emulator":{"name":"functions"},"message":"[worker-api-31fa211e-e022-442d-b9bb-4a2bc71f81d3]: IDLE"}}
[debug] [2021-05-06T19:48:29.991Z] [work-queue] {"queueLength":0,"workRunningCount":1}
[debug] [2021-05-06T19:48:58.514Z] [work-queue] {"queueLength":1,"workRunningCount":1}
[debug] [2021-05-06T19:48:58.515Z] [work-queue] {"queueLength":0,"workRunningCount":2}
[debug] [2021-05-06T19:48:58.515Z] Accepted request POST /e-clone-14acd/us-central1/api/payments/create?total=8798 --> api
[debug] [2021-05-06T19:48:58.515Z] [worker-pool] submitWork(triggerId=api) {"metadata":{"emulator":{"name":"functions"},"message":"[worker-pool] submitWork(triggerId=api)"}}
[debug] [2021-05-06T19:48:58.515Z] [worker-api-31fa211e-e022-442d-b9bb-4a2bc71f81d3]: Assigning socketPath: \\?\pipe\F:\CSS\Amazon_Clone\amazon-clone\functions\15272 {"metadata":{"emulator":{"name":"functions"},"message":"[worker-api-31fa211e-e022-442d-b9bb-4a2bc71f81d3]: Assigning socketPath: \\\\?\\pipe\\F:\\CSS\\Amazon_Clone\\amazon-clone\\functions\\15272"}}
[debug] [2021-05-06T19:48:58.516Z] [worker-api-31fa211e-e022-442d-b9bb-4a2bc71f81d3]: BUSY {"metadata":{"emulator":{"name":"functions"},"message":"[worker-api-31fa211e-e022-442d-b9bb-4a2bc71f81d3]: BUSY"}}
[debug] [2021-05-06T19:48:58.517Z] [runtime-status] [15272] Trigger "api" has been found, beginning invocation! {"metadata":{"emulator":{"name":"functions"},"function":{"name":"api"},"message":"[runtime-status] [15272] Trigger \"api\" has been found, beginning invocation!"}}
[info] i  functions: Beginning execution of "api" {"metadata":{"emulator":{"name":"functions"},"function":{"name":"api"},"message":"Beginning execution of \"api\""}}
[debug] [2021-05-06T19:48:58.518Z] [runtime-status] [15272] triggerDefinition {"httpsTrigger":{},"name":"api","entryPoint":"api"} {"metadata":{"emulator":{"name":"functions"},"function":{"name":"api"},"message":"[runtime-status] [15272] triggerDefinition {\"httpsTrigger\":{},\"name\":\"api\",\"entryPoint\":\"api\"}"}}
[debug] [2021-05-06T19:48:58.519Z] [runtime-status] [15272] Running api in mode HTTPS {"metadata":{"emulator":{"name":"functions"},"function":{"name":"api"},"message":"[runtime-status] [15272] Running api in mode HTTPS"}}
[debug] [2021-05-06T19:48:58.519Z] [runtime-status] [15272] Attempting to listen to socketPath: \\?\pipe\F:\CSS\Amazon_Clone\amazon-clone\functions\15272 {"metadata":{"emulator":{"name":"functions"},"function":{"name":"api"},"message":"[runtime-status] [15272] Attempting to listen to socketPath: \\\\?\\pipe\\F:\\CSS\\Amazon_Clone\\amazon-clone\\functions\\15272"}}
[debug] [2021-05-06T19:48:58.521Z] [functions] Runtime ready! Sending request! {"metadata":{"emulator":{"name":"functions"},"message":"[functions] Runtime ready! Sending request!"}}
[debug] [2021-05-06T19:48:58.522Z] [functions] Got req.url=/e-clone-14acd/us-central1/api/payments/create?total=8798, mapping to path=/payments/create?total=8798 {"metadata":{"emulator":{"name":"functions"},"message":"[functions] Got req.url=/e-clone-14acd/us-central1/api/payments/create?total=8798, mapping to path=/payments/create?total=8798"}}
[debug] [2021-05-06T19:48:58.527Z] [runtime-status] [15272] Ephemeral server handling POST request {"metadata":{"emulator":{"name":"functions"},"function":{"name":"api"},"message":"[runtime-status] [15272] Ephemeral server handling POST request"}}
[info] >  Payment Receive 8798 {"user":"Payment Receive 8798","metadata":{"emulator":{"name":"functions"},"function":{"name":"api"},"message":"\u001b[90m> \u001b[39m Payment Receive 8798"}}
[debug] [2021-05-06T19:48:58.532Z] [runtime-status] [15272] Ephemeral server survived. {"metadata":{"emulator":{"name":"functions"},"function":{"name":"api"},"message":"[runtime-status] [15272] Ephemeral server survived."}}
[info] i  functions: Finished "api" in ~1s {"metadata":{"emulator":{"name":"functions"},"function":{"name":"api"},"message":"Finished \"api\" in ~1s"}}
[debug] [2021-05-06T19:48:59.065Z] [worker-api-31fa211e-e022-442d-b9bb-4a2bc71f81d3]: IDLE {"metadata":{"emulator":{"name":"functions"},"message":"[worker-api-31fa211e-e022-442d-b9bb-4a2bc71f81d3]: IDLE"}}
[debug] [2021-05-06T19:48:59.065Z] [work-queue] {"queueLength":0,"workRunningCount":1}
[warn] !  functions: Your function timed out after ~60s. To configure this timeout, see
      https://firebase.google.com/docs/functions/manage-functions#set_timeout_and_memory_allocation. {"metadata":{"emulator":{"name":"functions"},"function":{"name":"api"},"message":"Your function timed out after ~60s. To configure this timeout, see\n      https://firebase.google.com/docs/functions/manage-functions#set_timeout_and_memory_allocation."}}
[info] >  C:\Users\User\AppData\Roaming\npm\node_modules\firebase-tools\lib\emulator\functionsEmulatorRuntime.js:644 {"user":"C:\\Users\\User\\AppData\\Roaming\\npm\\node_modules\\firebase-tools\\lib\\emulator\\functionsEmulatorRuntime.js:644\r","metadata":{"emulator":{"name":"functions"},"function":{"name":"api"},"message":"\u001b[90m> \u001b[39m C:\\Users\\User\\AppData\\Roaming\\npm\\node_modules\\firebase-tools\\lib\\emulator\\functionsEmulatorRuntime.js:644\r"}}
[info] >              throw new Error("Function timed out."); {"user":"            throw new Error(\"Function timed out.\");\r","metadata":{"emulator":{"name":"functions"},"function":{"name":"api"},"message":"\u001b[90m> \u001b[39m             throw new Error(\"Function timed out.\");\r"}}
[info] >              ^ {"user":"            ^\r","metadata":{"emulator":{"name":"functions"},"function":{"name":"api"},"message":"\u001b[90m> \u001b[39m             ^\r"}}
[info] >   {"user":"\r","metadata":{"emulator":{"name":"functions"},"function":{"name":"api"},"message":"\u001b[90m> \u001b[39m \r"}}
[info] >  Error: Function timed out. {"user":"Error: Function timed out.\r","metadata":{"emulator":{"name":"functions"},"function":{"name":"api"},"message":"\u001b[90m> \u001b[39m Error: Function timed out.\r"}}
[info] >      at Timeout._onTimeout (C:\Users\User\AppData\Roaming\npm\node_modules\firebase-tools\lib\emulator\functionsEmulatorRuntime.js:644:19) {"user":"    at Timeout._onTimeout (C:\\Users\\User\\AppData\\Roaming\\npm\\node_modules\\firebase-tools\\lib\\emulator\\functionsEmulatorRuntime.js:644:19)\r","metadata":{"emulator":{"name":"functions"},"function":{"name":"api"},"message":"\u001b[90m> \u001b[39m     at Timeout._onTimeout (C:\\Users\\User\\AppData\\Roaming\\npm\\node_modules\\firebase-tools\\lib\\emulator\\functionsEmulatorRuntime.js:644:19)\r"}}
[info] >      at listOnTimeout (internal/timers.js:554:17) {"user":"    at listOnTimeout (internal/timers.js:554:17)\r","metadata":{"emulator":{"name":"functions"},"function":{"name":"api"},"message":"\u001b[90m> \u001b[39m     at listOnTimeout (internal/timers.js:554:17)\r"}}
[info] >      at processTimers (internal/timers.js:497:7) {"user":"    at processTimers (internal/timers.js:497:7)\r","metadata":{"emulator":{"name":"functions"},"function":{"name":"api"},"message":"\u001b[90m> \u001b[39m     at processTimers (internal/timers.js:497:7)\r"}}
[debug] [2021-05-06T19:49:14.534Z] [worker-api-4f00a29c-18bb-413f-810e-8aadbabde3f8]: exited {"metadata":{"emulator":{"name":"functions"},"message":"[worker-api-4f00a29c-18bb-413f-810e-8aadbabde3f8]: exited"}}
[debug] [2021-05-06T19:49:14.535Z] [worker-api-4f00a29c-18bb-413f-810e-8aadbabde3f8]: FINISHED {"metadata":{"emulator":{"name":"functions"},"message":"[worker-api-4f00a29c-18bb-413f-810e-8aadbabde3f8]: FINISHED"}}
[debug] [2021-05-06T19:49:14.535Z] [work-queue] {"queueLength":0,"workRunningCount":0}
[debug] [2021-05-06T19:55:18.699Z] Received signal SIGHUP 1
